Using pre-set license
Built from '2020.3/staging' branch; Version is '2020.3.40f1 (ba48d4efcef1) revision 12208340'; Using compiler version '192528614'; Build Type 'Release'
OS: 'Windows 11  (10.0.22000) 64bit Professional' Language: 'tr' Physical Memory: 15741 MB
BatchMode: 1, IsHumanControllingUs: 0, StartBugReporterOnCrash: 0, Is64bit: 1, IsPro: 0

COMMAND LINE ARGUMENTS:
C:\Program Files\Unity 2020.3.40f1\Editor\Unity.exe
-adb2
-batchMode
-noUpm
-name
AssetImportWorker0
-projectPath
C:/Users/cikat/OneDrive/Masaüstü/Projects/ibg
-logFile
Logs/AssetImportWorker0.log
-srvPort
64671
Successfully changed project path to: C:/Users/cikat/OneDrive/Masaüstü/Projects/ibg
C:/Users/cikat/OneDrive/Masaüstü/Projects/ibg
Using Asset Import Pipeline V2.
Refreshing native plugins compatible for Editor in 77.70 ms, found 2 plugins.
Preloading 0 native plugins for Editor in 0.00 ms.
Initialize engine version: 2020.3.40f1 (ba48d4efcef1)
[Subsystems] Discovering subsystems at path C:/Program Files/Unity 2020.3.40f1/Editor/Data/Resources/UnitySubsystems
[Subsystems] Discovering subsystems at path C:/Users/cikat/OneDrive/Masaüstü/Projects/ibg/Assets
GfxDevice: creating device client; threaded=0
Direct3D:
    Version:  Direct3D 11.0 [level 11.1]
    Renderer: NVIDIA GeForce GTX 1650 Ti (ID=0x1f95)
    Vendor:   
    VRAM:     3949 MB
    Driver:   31.0.15.2647
Initialize mono
Mono path[0] = 'C:/Program Files/Unity 2020.3.40f1/Editor/Data/Managed'
Mono path[1] = 'C:/Program Files/Unity 2020.3.40f1/Editor/Data/MonoBleedingEdge/lib/mono/unityjit'
Mono config path = 'C:/Program Files/Unity 2020.3.40f1/Editor/Data/MonoBleedingEdge/etc'
Using monoOptions --debugger-agent=transport=dt_socket,embedding=1,server=y,suspend=n,address=127.0.0.1:56916
Begin MonoManager ReloadAssembly
Registering precompiled unity dll's ...
Register platform support module: C:/Program Files/Unity 2020.3.40f1/Editor/Data/PlaybackEngines/WindowsStandaloneSupport/UnityEditor.WindowsStandalone.Extensions.dll
Registered in 0.002948 seconds.
Native extension for WindowsStandalone target not found
Refreshing native plugins compatible for Editor in 101.42 ms, found 2 plugins.
Preloading 0 native plugins for Editor in 0.00 ms.
Mono: successfully reloaded assembly
- Completed reload, in  1.058 seconds
Domain Reload Profiling:
	ReloadAssembly (1059ms)
		BeginReloadAssembly (103ms)
			ExecutionOrderSort (0ms)
			DisableScriptedObjects (0ms)
			BackupInstance (0ms)
			ReleaseScriptingObjects (0ms)
			CreateAndSetChildDomain (1ms)
		EndReloadAssembly (832ms)
			LoadAssemblies (99ms)
			RebuildTransferFunctionScriptingTraits (0ms)
			SetupTypeCache (263ms)
			ReleaseScriptCaches (0ms)
			RebuildScriptCaches (43ms)
			SetupLoadedEditorAssemblies (326ms)
				LogAssemblyErrors (0ms)
				InitializePlatformSupportModulesInManaged (5ms)
				SetLoadedEditorAssemblies (0ms)
				RefreshPlugins (102ms)
				BeforeProcessingInitializeOnLoad (46ms)
				ProcessInitializeOnLoadAttributes (133ms)
				ProcessInitializeOnLoadMethodAttributes (39ms)
				AfterProcessingInitializeOnLoad (0ms)
				EditorAssembliesLoaded (0ms)
			ExecutionOrderSort2 (0ms)
			AwakeInstancesAfterBackupRestoration (0ms)
Platform modules already initialized, skipping
Registering precompiled user dll's ...
Registered in 0.003992 seconds.
Begin MonoManager ReloadAssembly
Native extension for WindowsStandalone target not found
Refreshing native plugins compatible for Editor in 74.73 ms, found 2 plugins.
Preloading 0 native plugins for Editor in 0.00 ms.
Mono: successfully reloaded assembly
- Completed reload, in  2.071 seconds
Domain Reload Profiling:
	ReloadAssembly (2073ms)
		BeginReloadAssembly (344ms)
			ExecutionOrderSort (0ms)
			DisableScriptedObjects (14ms)
			BackupInstance (0ms)
			ReleaseScriptingObjects (0ms)
			CreateAndSetChildDomain (38ms)
		EndReloadAssembly (1634ms)
			LoadAssemblies (170ms)
			RebuildTransferFunctionScriptingTraits (0ms)
			SetupTypeCache (684ms)
			ReleaseScriptCaches (1ms)
			RebuildScriptCaches (71ms)
			SetupLoadedEditorAssemblies (584ms)
				LogAssemblyErrors (0ms)
				InitializePlatformSupportModulesInManaged (5ms)
				SetLoadedEditorAssemblies (0ms)
				RefreshPlugins (75ms)
				BeforeProcessingInitializeOnLoad (106ms)
				ProcessInitializeOnLoadAttributes (373ms)
				ProcessInitializeOnLoadMethodAttributes (18ms)
				AfterProcessingInitializeOnLoad (7ms)
				EditorAssembliesLoaded (0ms)
			ExecutionOrderSort2 (0ms)
			AwakeInstancesAfterBackupRestoration (2ms)
Platform modules already initialized, skipping
========================================================================
Worker process is ready to serve import requests
Launched and connected shader compiler UnityShaderCompiler.exe after 0.13 seconds
Refreshing native plugins compatible for Editor in 1.01 ms, found 2 plugins.
Preloading 0 native plugins for Editor in 0.00 ms.
Unloading 1918 Unused Serialized files (Serialized files now loaded: 0)
System memory in use before: 172.9 MB.
System memory in use after: 173.0 MB.

Unloading 19 unused Assets to reduce memory usage. Loaded Objects now: 2377.
Total: 5.566800 ms (FindLiveObjects: 0.257500 ms CreateObjectMapping: 0.107900 ms MarkObjects: 5.099100 ms  DeleteObjects: 0.100300 ms)

AssetImportParameters requested are different than current active one (requested -> active):
  custom:framework-win-MediaFoundation: 216162199b28c13a410421893ffa2e32 -> 
  custom:video-decoder-ogg-theora: a1e56fd34408186e4bbccfd4996cb3dc -> 
  custom:container-muxer-webm: aa71ff27fc2769a1b78a27578f13a17b -> 
  custom:container-demuxer-webm: 4f35f7cbe854078d1ac9338744f61a02 -> 
  custom:container-demuxer-ogg: 62fdf1f143b41e24485cea50d1cbac27 -> 
  custom:video-encoder-webm-vp8: eb34c28f22e8b96e1ab97ce403110664 -> 
  custom:video-decoder-webm-vp8: 9c59270c3fd7afecdb556c50c9e8de78 -> 
  custom:audio-decoder-ogg-vorbis: bf7c407c2cedff20999df2af8eb42d56 -> 
  custom:audio-encoder-webm-vorbis: bf7c407c2cedff20999df2af8eb42d56 -> 
========================================================================
Received Import Request.
  path: Assets/PBS Materials Variety Pack
  artifactKey: Guid(7584f3946c6454499b4536ad7e83e0ee) Importer(815301076,1909f56bfc062723c751e8b465ee728b)
Start importing Assets/PBS Materials Variety Pack using Guid(7584f3946c6454499b4536ad7e83e0ee) Importer(815301076,1909f56bfc062723c751e8b465ee728b)  -> (artifact id: '50e206b3e8386635c7400d84e2166a7f') in 0.011431 seconds 
========================================================================
Received Import Request.
  Time since last request: 12.934506 seconds.
  path: Assets/PBS Materials Variety Pack/Carpet
  artifactKey: Guid(967bea52e0a08a34a8473674d6ae9ed6) Importer(815301076,1909f56bfc062723c751e8b465ee728b)
Start importing Assets/PBS Materials Variety Pack/Carpet using Guid(967bea52e0a08a34a8473674d6ae9ed6) Importer(815301076,1909f56bfc062723c751e8b465ee728b)  -> (artifact id: '104c48bb54251bebc4a38bf346e3082b') in 0.009483 seconds 
========================================================================
Received Import Request.
  Time since last request: 0.529382 seconds.
  path: Assets/PBS Materials Variety Pack/Cobblestone
  artifactKey: Guid(f2cb99bc239833e478dcae76fb117995) Importer(815301076,1909f56bfc062723c751e8b465ee728b)
Start importing Assets/PBS Materials Variety Pack/Cobblestone using Guid(f2cb99bc239833e478dcae76fb117995) Importer(815301076,1909f56bfc062723c751e8b465ee728b)  -> (artifact id: 'a02ce6155528963652a359bf1c32360a') in 0.010682 seconds 
========================================================================
Received Import Request.
  Time since last request: 0.118190 seconds.
  path: Assets/PBS Materials Variety Pack/Cobblestone/Cobblestone 1.mat
  artifactKey: Guid(d96e4e2e2f6279e46936aa61ecedb340) Importer(815301076,1909f56bfc062723c751e8b465ee728b)
Start importing Assets/PBS Materials Variety Pack/Cobblestone/Cobblestone 1.mat using Guid(d96e4e2e2f6279e46936aa61ecedb340) Importer(815301076,1909f56bfc062723c751e8b465ee728b)  -> (artifact id: '00a7bd748a9b0c6e465b57ad9c2ba24e') in 1.371382 seconds 
========================================================================
Received Import Request.
  Time since last request: 4.706409 seconds.
  path: Assets/PBS Materials Variety Pack/Cobblestone/Textures
  artifactKey: Guid(fa7976a0aff49f94ca4c2a6603960ea3) Importer(815301076,1909f56bfc062723c751e8b465ee728b)
Start importing Assets/PBS Materials Variety Pack/Cobblestone/Textures using Guid(fa7976a0aff49f94ca4c2a6603960ea3) Importer(815301076,1909f56bfc062723c751e8b465ee728b)  -> (artifact id: 'b47c7a6488f3eca56367c00c4814396a') in 0.010964 seconds 
========================================================================
Received Import Request.
  Time since last request: 0.283802 seconds.
  path: Assets/PBS Materials Variety Pack/Cobblestone/Textures/Cobblestone 1 Displacement.png
  artifactKey: Guid(7f88076198137864b8b9b71dcfc155a0) Importer(815301076,1909f56bfc062723c751e8b465ee728b)
Start importing Assets/PBS Materials Variety Pack/Cobblestone/Textures/Cobblestone 1 Displacement.png using Guid(7f88076198137864b8b9b71dcfc155a0) Importer(815301076,1909f56bfc062723c751e8b465ee728b)  -> (artifact id: '023e20a1eb45f447eeabd4078b85740d') in 0.276386 seconds 
========================================================================
Received Import Request.
  Time since last request: 0.000547 seconds.
  path: Assets/PBS Materials Variety Pack/Cobblestone/Textures/Cobblestone 1 Occlusion.png
  artifactKey: Guid(3b667bb1b00753344b1bfe05b0bae13f) Importer(815301076,1909f56bfc062723c751e8b465ee728b)
Start importing Assets/PBS Materials Variety Pack/Cobblestone/Textures/Cobblestone 1 Occlusion.png using Guid(3b667bb1b00753344b1bfe05b0bae13f) Importer(815301076,1909f56bfc062723c751e8b465ee728b)  -> (artifact id: 'd58b4e54873cf13f7c3bebdc142f1568') in 0.153223 seconds 
========================================================================
Received Import Request.
  Time since last request: 0.000603 seconds.
  path: Assets/PBS Materials Variety Pack/Cobblestone/Textures/Cobblestone 1 Normals.png
  artifactKey: Guid(b53a8d460ad12fd44a8ac6247013bee3) Importer(815301076,1909f56bfc062723c751e8b465ee728b)
Start importing Assets/PBS Materials Variety Pack/Cobblestone/Textures/Cobblestone 1 Normals.png using Guid(b53a8d460ad12fd44a8ac6247013bee3) Importer(815301076,1909f56bfc062723c751e8b465ee728b)  -> (artifact id: '846230160a76888bf71cbd166b0e4a17') in 0.164937 seconds 
========================================================================
Received Import Request.
  Time since last request: 0.000521 seconds.
  path: Assets/PBS Materials Variety Pack/Cobblestone/Textures/Cobblestone 1 Metallic.png
  artifactKey: Guid(7d2ae1803a0a72c4c877f2c2edc49187) Importer(815301076,1909f56bfc062723c751e8b465ee728b)
Start importing Assets/PBS Materials Variety Pack/Cobblestone/Textures/Cobblestone 1 Metallic.png using Guid(7d2ae1803a0a72c4c877f2c2edc49187) Importer(815301076,1909f56bfc062723c751e8b465ee728b)  -> (artifact id: '33b73c6d02a32e8ab54844535c9c60bb') in 0.187359 seconds 
========================================================================
Received Import Request.
  Time since last request: 0.000634 seconds.
  path: Assets/PBS Materials Variety Pack/Cobblestone/Textures/Cobblestone 1.png
  artifactKey: Guid(caaa368906b5cfe49a25a8ba4dc505e6) Importer(815301076,1909f56bfc062723c751e8b465ee728b)
Start importing Assets/PBS Materials Variety Pack/Cobblestone/Textures/Cobblestone 1.png using Guid(caaa368906b5cfe49a25a8ba4dc505e6) Importer(815301076,1909f56bfc062723c751e8b465ee728b)  -> (artifact id: 'd8a895269c4a600e0513f7c6c48c6d8e') in 0.105844 seconds 
========================================================================
Received Import Request.
  Time since last request: 13.656628 seconds.
  path: Assets/PBS Materials Variety Pack/Grass
  artifactKey: Guid(c7c9745f7f6776340b08eb39b4d0faad) Importer(815301076,1909f56bfc062723c751e8b465ee728b)
Start importing Assets/PBS Materials Variety Pack/Grass using Guid(c7c9745f7f6776340b08eb39b4d0faad) Importer(815301076,1909f56bfc062723c751e8b465ee728b)  -> (artifact id: '95e805dab03486673d1967908ce707d0') in 0.011202 seconds 
========================================================================
Received Import Request.
  Time since last request: 0.085918 seconds.
  path: Assets/PBS Materials Variety Pack/Grass/Grass 2.mat
  artifactKey: Guid(fb4eff07285c4624aa470e9485820c5e) Importer(815301076,1909f56bfc062723c751e8b465ee728b)
Start importing Assets/PBS Materials Variety Pack/Grass/Grass 2.mat using Guid(fb4eff07285c4624aa470e9485820c5e) Importer(815301076,1909f56bfc062723c751e8b465ee728b)  -> (artifact id: 'cec8e568bbcfc77cb9af1fb12b2b2306') in 0.527296 seconds 
========================================================================
Received Import Request.
  Time since last request: 0.000529 seconds.
  path: Assets/PBS Materials Variety Pack/Grass/Grass 3.mat
  artifactKey: Guid(b16dbb8ed6255f14ab3b5ec7aa8690d9) Importer(815301076,1909f56bfc062723c751e8b465ee728b)
Start importing Assets/PBS Materials Variety Pack/Grass/Grass 3.mat using Guid(b16dbb8ed6255f14ab3b5ec7aa8690d9) Importer(815301076,1909f56bfc062723c751e8b465ee728b)  -> (artifact id: '4a1dac4d787559939868fb2139f28e41') in 0.768186 seconds 
========================================================================
Received Import Request.
  Time since last request: 0.308896 seconds.
  path: Assets/PBS Materials Variety Pack/Grass/Textures
  artifactKey: Guid(1bff525ab9b8b4741b3a2a50b036c71d) Importer(815301076,1909f56bfc062723c751e8b465ee728b)
Start importing Assets/PBS Materials Variety Pack/Grass/Textures using Guid(1bff525ab9b8b4741b3a2a50b036c71d) Importer(815301076,1909f56bfc062723c751e8b465ee728b)  -> (artifact id: '49e7878dd0d875f2632d128c0c2e03d3') in 0.004098 seconds 
========================================================================
Received Import Request.
  Time since last request: 0.123198 seconds.
  path: Assets/PBS Materials Variety Pack/Grass/Textures/Grass 2 Normals.png
  artifactKey: Guid(41ce07a1916e7744baa97dcebee1b3c9) Importer(815301076,1909f56bfc062723c751e8b465ee728b)
Start importing Assets/PBS Materials Variety Pack/Grass/Textures/Grass 2 Normals.png using Guid(41ce07a1916e7744baa97dcebee1b3c9) Importer(815301076,1909f56bfc062723c751e8b465ee728b)  -> (artifact id: 'ed6d43444642e0ad65181ab3d8d41116') in 0.107826 seconds 
========================================================================
Received Import Request.
  Time since last request: 0.000495 seconds.
  path: Assets/PBS Materials Variety Pack/Grass/Textures/Grass 2.png
  artifactKey: Guid(d6d77018ee74c1141b9fa95d54c892bc) Importer(815301076,1909f56bfc062723c751e8b465ee728b)
Start importing Assets/PBS Materials Variety Pack/Grass/Textures/Grass 2.png using Guid(d6d77018ee74c1141b9fa95d54c892bc) Importer(815301076,1909f56bfc062723c751e8b465ee728b)  -> (artifact id: '6a66b0ded6b99df0d09b65bbc0138c11') in 0.100821 seconds 
========================================================================
Received Import Request.
  Time since last request: 0.000389 seconds.
  path: Assets/PBS Materials Variety Pack/Grass/Textures/Grass 3 Displacement.png
  artifactKey: Guid(62b824db304654240b7ecf3e1ff4bcdc) Importer(815301076,1909f56bfc062723c751e8b465ee728b)
Start importing Assets/PBS Materials Variety Pack/Grass/Textures/Grass 3 Displacement.png using Guid(62b824db304654240b7ecf3e1ff4bcdc) Importer(815301076,1909f56bfc062723c751e8b465ee728b)  -> (artifact id: '9d68e103ac2fea36db7db1403eda7f2b') in 0.117530 seconds 
========================================================================
Received Import Request.
  Time since last request: 0.000411 seconds.
  path: Assets/PBS Materials Variety Pack/Grass/Textures/Grass 3 Occlusion.png
  artifactKey: Guid(f17dc160240dd354dbf1720d7e671397) Importer(815301076,1909f56bfc062723c751e8b465ee728b)
Start importing Assets/PBS Materials Variety Pack/Grass/Textures/Grass 3 Occlusion.png using Guid(f17dc160240dd354dbf1720d7e671397) Importer(815301076,1909f56bfc062723c751e8b465ee728b)  -> (artifact id: '72133d16a93c6b631ddefc943d8c96f8') in 0.092353 seconds 
========================================================================
Received Import Request.
  Time since last request: 0.000481 seconds.
  path: Assets/PBS Materials Variety Pack/Grass/Textures/Grass 3 Normals2.png
  artifactKey: Guid(9363f1f4ae0a3f64d95be1f50be591e5) Importer(815301076,1909f56bfc062723c751e8b465ee728b)
Start importing Assets/PBS Materials Variety Pack/Grass/Textures/Grass 3 Normals2.png using Guid(9363f1f4ae0a3f64d95be1f50be591e5) Importer(815301076,1909f56bfc062723c751e8b465ee728b)  -> (artifact id: '0bdcab5b6ee1c10679ce63383f8ef13a') in 0.108099 seconds 
========================================================================
Received Import Request.
  Time since last request: 0.000472 seconds.
  path: Assets/PBS Materials Variety Pack/Grass/Textures/Grass 2 Occlusion.png
  artifactKey: Guid(35b32a5a7741a8c4eb2238d7de592c44) Importer(815301076,1909f56bfc062723c751e8b465ee728b)
Start importing Assets/PBS Materials Variety Pack/Grass/Textures/Grass 2 Occlusion.png using Guid(35b32a5a7741a8c4eb2238d7de592c44) Importer(815301076,1909f56bfc062723c751e8b465ee728b)  -> (artifact id: 'a3b93335b37dc9f3924b13fe57afa002') in 0.093063 seconds 
========================================================================
Received Import Request.
  Time since last request: 0.000521 seconds.
  path: Assets/PBS Materials Variety Pack/Grass/Textures/Grass 3.png
  artifactKey: Guid(2e0337bb7ad996e4db2d92f149dddee3) Importer(815301076,1909f56bfc062723c751e8b465ee728b)
Start importing Assets/PBS Materials Variety Pack/Grass/Textures/Grass 3.png using Guid(2e0337bb7ad996e4db2d92f149dddee3) Importer(815301076,1909f56bfc062723c751e8b465ee728b)  -> (artifact id: '9fb52a8b04297e510307917a968f9419') in 0.149275 seconds 
========================================================================
Received Import Request.
  Time since last request: 0.000448 seconds.
  path: Assets/PBS Materials Variety Pack/Grass/Textures/Grass 3 Normals.png
  artifactKey: Guid(e5ca511c20fd4074785d9d965b0ec7c0) Importer(815301076,1909f56bfc062723c751e8b465ee728b)
Start importing Assets/PBS Materials Variety Pack/Grass/Textures/Grass 3 Normals.png using Guid(e5ca511c20fd4074785d9d965b0ec7c0) Importer(815301076,1909f56bfc062723c751e8b465ee728b)  -> (artifact id: '91c9aaa496585ed519dc8c273fd165cf') in 0.131103 seconds 
========================================================================
Received Import Request.
  Time since last request: 25.815529 seconds.
  path: Assets/PBS Materials Variety Pack/Paint
  artifactKey: Guid(e7e2db6f49b53ee47b9ea5037ae28429) Importer(815301076,1909f56bfc062723c751e8b465ee728b)
Start importing Assets/PBS Materials Variety Pack/Paint using Guid(e7e2db6f49b53ee47b9ea5037ae28429) Importer(815301076,1909f56bfc062723c751e8b465ee728b)  -> (artifact id: '159f1298eb13eb24b208b9b19be4b2bf') in 0.010510 seconds 
========================================================================
Received Import Request.
  Time since last request: 0.116313 seconds.
  path: Assets/PBS Materials Variety Pack/Paint/Paint 1.mat
  artifactKey: Guid(fcf39a428c6cbfb48b1aca53c52bb11f) Importer(815301076,1909f56bfc062723c751e8b465ee728b)
Start importing Assets/PBS Materials Variety Pack/Paint/Paint 1.mat using Guid(fcf39a428c6cbfb48b1aca53c52bb11f) Importer(815301076,1909f56bfc062723c751e8b465ee728b)  -> (artifact id: '8ff9bcbc69b42206e30ac9807506840a') in 0.352943 seconds 
========================================================================
Received Import Request.
  Time since last request: 1.113698 seconds.
  path: Assets/PBS Materials Variety Pack/Paint/Textures/Paint 1 Displacement.png
  artifactKey: Guid(081faba5f0e05be4c983ed202615bb02) Importer(815301076,1909f56bfc062723c751e8b465ee728b)
Start importing Assets/PBS Materials Variety Pack/Paint/Textures/Paint 1 Displacement.png using Guid(081faba5f0e05be4c983ed202615bb02) Importer(815301076,1909f56bfc062723c751e8b465ee728b)  -> (artifact id: 'b68529ea364299620c5929fbf4047e97') in 0.103553 seconds 
========================================================================
Received Import Request.
  Time since last request: 0.000420 seconds.
  path: Assets/PBS Materials Variety Pack/Paint/Textures/Paint 1.png
  artifactKey: Guid(ac78b8755dc1ee347858eb419c2e848e) Importer(815301076,1909f56bfc062723c751e8b465ee728b)
Start importing Assets/PBS Materials Variety Pack/Paint/Textures/Paint 1.png using Guid(ac78b8755dc1ee347858eb419c2e848e) Importer(815301076,1909f56bfc062723c751e8b465ee728b)  -> (artifact id: 'a6daee315fa38ec1dcf19db4bc982855') in 0.094261 seconds 
========================================================================
Received Import Request.
  Time since last request: 0.000429 seconds.
  path: Assets/PBS Materials Variety Pack/Paint/Textures/Paint 1 Normals.png
  artifactKey: Guid(2958d87f9125d664597d387f7d66b076) Importer(815301076,1909f56bfc062723c751e8b465ee728b)
Start importing Assets/PBS Materials Variety Pack/Paint/Textures/Paint 1 Normals.png using Guid(2958d87f9125d664597d387f7d66b076) Importer(815301076,1909f56bfc062723c751e8b465ee728b)  -> (artifact id: 'bd8338b7fb82853f0a86e2c3f882c42b') in 0.126158 seconds 
========================================================================
Received Import Request.
  Time since last request: 0.000476 seconds.
  path: Assets/PBS Materials Variety Pack/Paint/Textures/Paint 1 Occlusion.png
  artifactKey: Guid(15505d7f93fe72a45a43d8e13c9c789b) Importer(815301076,1909f56bfc062723c751e8b465ee728b)
Start importing Assets/PBS Materials Variety Pack/Paint/Textures/Paint 1 Occlusion.png using Guid(15505d7f93fe72a45a43d8e13c9c789b) Importer(815301076,1909f56bfc062723c751e8b465ee728b)  -> (artifact id: '4f3475219038b22d36ccaf8574e527b8') in 0.093857 seconds 
========================================================================
Received Import Request.
  Time since last request: 0.000416 seconds.
  path: Assets/PBS Materials Variety Pack/Paint/Textures
  artifactKey: Guid(02787bf0da8557344910dcb5b5b54c98) Importer(815301076,1909f56bfc062723c751e8b465ee728b)
Start importing Assets/PBS Materials Variety Pack/Paint/Textures using Guid(02787bf0da8557344910dcb5b5b54c98) Importer(815301076,1909f56bfc062723c751e8b465ee728b)  -> (artifact id: '6ede2508fb921d4ece98ae4beaf066eb') in 0.004116 seconds 
========================================================================
Received Import Request.
  Time since last request: 6.713206 seconds.
  path: Assets/PBS Materials Variety Pack/Rocks
  artifactKey: Guid(189f253fea42b054886ddefc8850638e) Importer(815301076,1909f56bfc062723c751e8b465ee728b)
Start importing Assets/PBS Materials Variety Pack/Rocks using Guid(189f253fea42b054886ddefc8850638e) Importer(815301076,1909f56bfc062723c751e8b465ee728b)  -> (artifact id: '8ff7c7f3ce138f9c92f7e1af87ab7b5c') in 0.010041 seconds 
========================================================================
Received Import Request.
  Time since last request: 0.118672 seconds.
  path: Assets/PBS Materials Variety Pack/Rocks/Rocks 1.mat
  artifactKey: Guid(46f09d1ee0756704980ca0b4dfecb35b) Importer(815301076,1909f56bfc062723c751e8b465ee728b)
Start importing Assets/PBS Materials Variety Pack/Rocks/Rocks 1.mat using Guid(46f09d1ee0756704980ca0b4dfecb35b) Importer(815301076,1909f56bfc062723c751e8b465ee728b)  -> (artifact id: 'c984f8efb3aeb7c2dd08d5b017788ff1') in 0.121719 seconds 
========================================================================
Received Import Request.
  Time since last request: 0.000393 seconds.
  path: Assets/PBS Materials Variety Pack/Rocks/Rocks 5.mat
  artifactKey: Guid(1397dbb8aaf49704a98ee06a0bf709ff) Importer(815301076,1909f56bfc062723c751e8b465ee728b)
Start importing Assets/PBS Materials Variety Pack/Rocks/Rocks 5.mat using Guid(1397dbb8aaf49704a98ee06a0bf709ff) Importer(815301076,1909f56bfc062723c751e8b465ee728b)  -> (artifact id: 'd8e9e158ddb6fba62a6856c2042a1453') in 0.346857 seconds 
========================================================================
Received Import Request.
  Time since last request: 0.000388 seconds.
  path: Assets/PBS Materials Variety Pack/Rocks/Rocks 3.mat
  artifactKey: Guid(ff0be7b3d8cb38141942f10ebe7e172d) Importer(815301076,1909f56bfc062723c751e8b465ee728b)
Start importing Assets/PBS Materials Variety Pack/Rocks/Rocks 3.mat using Guid(ff0be7b3d8cb38141942f10ebe7e172d) Importer(815301076,1909f56bfc062723c751e8b465ee728b)  -> (artifact id: 'a34be9a467c20c07e9073b176d712f08') in 0.426401 seconds 
========================================================================
Received Import Request.
  Time since last request: 0.000516 seconds.
  path: Assets/PBS Materials Variety Pack/Rocks/Rocks 6.mat
  artifactKey: Guid(2908e220fcdeedb40a8ab7ac424dfc1c) Importer(815301076,1909f56bfc062723c751e8b465ee728b)
Start importing Assets/PBS Materials Variety Pack/Rocks/Rocks 6.mat using Guid(2908e220fcdeedb40a8ab7ac424dfc1c) Importer(815301076,1909f56bfc062723c751e8b465ee728b)  -> (artifact id: 'd7aa28676ab3eba206d985187e57ae07') in 0.364142 seconds 
========================================================================
Received Import Request.
  Time since last request: 0.000304 seconds.
  path: Assets/PBS Materials Variety Pack/Rocks/Textures/Rocks 1 Displacement.png
  artifactKey: Guid(ffc525bd5a643c34cae7a47ee0b8cb45) Importer(815301076,1909f56bfc062723c751e8b465ee728b)
Start importing Assets/PBS Materials Variety Pack/Rocks/Textures/Rocks 1 Displacement.png using Guid(ffc525bd5a643c34cae7a47ee0b8cb45) Importer(815301076,1909f56bfc062723c751e8b465ee728b)  -> (artifact id: '3f7f79115165b3ec8da8c43b937713de') in 0.069135 seconds 
========================================================================
Received Import Request.
  Time since last request: 0.000706 seconds.
  path: Assets/PBS Materials Variety Pack/Rocks/Textures/Rocks 1 Occlusion.png
  artifactKey: Guid(8f091981196afba42a180f56136e5414) Importer(815301076,1909f56bfc062723c751e8b465ee728b)
Start importing Assets/PBS Materials Variety Pack/Rocks/Textures/Rocks 1 Occlusion.png using Guid(8f091981196afba42a180f56136e5414) Importer(815301076,1909f56bfc062723c751e8b465ee728b)  -> (artifact id: 'aefed57ee1fbcb20e6b5a732d3fb59c2') in 0.059250 seconds 
========================================================================
Received Import Request.
  Time since last request: 0.000464 seconds.
  path: Assets/PBS Materials Variety Pack/Rocks/Textures
  artifactKey: Guid(5cba63442400cca429dd9667a90a5977) Importer(815301076,1909f56bfc062723c751e8b465ee728b)
Start importing Assets/PBS Materials Variety Pack/Rocks/Textures using Guid(5cba63442400cca429dd9667a90a5977) Importer(815301076,1909f56bfc062723c751e8b465ee728b)  -> (artifact id: '5f733bb622462658980f57ba7c539cfe') in 0.005361 seconds 
========================================================================
Received Import Request.
  Time since last request: 0.000528 seconds.
  path: Assets/PBS Materials Variety Pack/Rocks/Textures/Rocks 3.png
  artifactKey: Guid(36622841c4076ed49b25a225df68e946) Importer(815301076,1909f56bfc062723c751e8b465ee728b)
Start importing Assets/PBS Materials Variety Pack/Rocks/Textures/Rocks 3.png using Guid(36622841c4076ed49b25a225df68e946) Importer(815301076,1909f56bfc062723c751e8b465ee728b)  -> (artifact id: 'd47f919215af74e0a587c1ec2ecc9b88') in 0.142202 seconds 
========================================================================
Received Import Request.
  Time since last request: 0.000406 seconds.
  path: Assets/PBS Materials Variety Pack/Rocks/Textures/Rocks 5 Displacement.png
  artifactKey: Guid(33f2130b3bb543b4b989a0c5576bf035) Importer(815301076,1909f56bfc062723c751e8b465ee728b)
Start importing Assets/PBS Materials Variety Pack/Rocks/Textures/Rocks 5 Displacement.png using Guid(33f2130b3bb543b4b989a0c5576bf035) Importer(815301076,1909f56bfc062723c751e8b465ee728b)  -> (artifact id: '12f36608c0772c1dab4abe2b1cf104cb') in 0.126255 seconds 
========================================================================
Received Import Request.
  Time since last request: 0.000287 seconds.
  path: Assets/PBS Materials Variety Pack/Rocks/Textures/Rocks 3 Occlusion.png
  artifactKey: Guid(5c2d2e480d9b9194e88f03a9dba2f12c) Importer(815301076,1909f56bfc062723c751e8b465ee728b)
Start importing Assets/PBS Materials Variety Pack/Rocks/Textures/Rocks 3 Occlusion.png using Guid(5c2d2e480d9b9194e88f03a9dba2f12c) Importer(815301076,1909f56bfc062723c751e8b465ee728b)  -> (artifact id: '0b66989cecfa9850e03e84c4c5c60938') in 0.079211 seconds 
========================================================================
Received Import Request.
  Time since last request: 0.000513 seconds.
  path: Assets/PBS Materials Variety Pack/Rocks/Textures/Rocks6_Normals.png
  artifactKey: Guid(7633817a1c46fca4d8424d707d87d50b) Importer(815301076,1909f56bfc062723c751e8b465ee728b)
Start importing Assets/PBS Materials Variety Pack/Rocks/Textures/Rocks6_Normals.png using Guid(7633817a1c46fca4d8424d707d87d50b) Importer(815301076,1909f56bfc062723c751e8b465ee728b)  -> (artifact id: 'ddb537a19e17f6c7b93544f0658bb67f') in 0.126413 seconds 
========================================================================
Received Import Request.
  Time since last request: 0.000275 seconds.
  path: Assets/PBS Materials Variety Pack/Rocks/Textures/Rocks 5 Occlusion.png
  artifactKey: Guid(1f26a96a2e2f51c419e694f58abf7bd2) Importer(815301076,1909f56bfc062723c751e8b465ee728b)
Start importing Assets/PBS Materials Variety Pack/Rocks/Textures/Rocks 5 Occlusion.png using Guid(1f26a96a2e2f51c419e694f58abf7bd2) Importer(815301076,1909f56bfc062723c751e8b465ee728b)  -> (artifact id: '9a4ef021cec61fa3f03a24839800d552') in 0.095204 seconds 
========================================================================
Received Import Request.
  Time since last request: 0.000258 seconds.
  path: Assets/PBS Materials Variety Pack/Rocks/Textures/Rocks 6.png
  artifactKey: Guid(5136f3fbfc9070144a0dd22bd4689284) Importer(815301076,1909f56bfc062723c751e8b465ee728b)
Start importing Assets/PBS Materials Variety Pack/Rocks/Textures/Rocks 6.png using Guid(5136f3fbfc9070144a0dd22bd4689284) Importer(815301076,1909f56bfc062723c751e8b465ee728b)  -> (artifact id: '1c71f2ffdfcf68d5d6d759c288e0daf0') in 0.110078 seconds 
========================================================================
Received Import Request.
  Time since last request: 0.000474 seconds.
  path: Assets/PBS Materials Variety Pack/Rocks/Textures/Rocks 1 Normals.png
  artifactKey: Guid(050895a11df9ef94f8e5fccbef003224) Importer(815301076,1909f56bfc062723c751e8b465ee728b)
Start importing Assets/PBS Materials Variety Pack/Rocks/Textures/Rocks 1 Normals.png using Guid(050895a11df9ef94f8e5fccbef003224) Importer(815301076,1909f56bfc062723c751e8b465ee728b)  -> (artifact id: 'c3b4e3dd6618f31cdc240c18b71d1845') in 0.064608 seconds 
========================================================================
Received Import Request.
  Time since last request: 0.000456 seconds.
  path: Assets/PBS Materials Variety Pack/Rocks/Textures/Rocks 3 Normals.png
  artifactKey: Guid(95ed8ed68da74d14ebd3162b5ea00e34) Importer(815301076,1909f56bfc062723c751e8b465ee728b)
Start importing Assets/PBS Materials Variety Pack/Rocks/Textures/Rocks 3 Normals.png using Guid(95ed8ed68da74d14ebd3162b5ea00e34) Importer(815301076,1909f56bfc062723c751e8b465ee728b)  -> (artifact id: 'e875b332cae66c98780ebce6aabef7ab') in 0.112174 seconds 
========================================================================
Received Import Request.
  Time since last request: 0.000449 seconds.
  path: Assets/PBS Materials Variety Pack/Rocks/Textures/Rocks 5.png
  artifactKey: Guid(2f4fc8a273813d44ca43f997b99cce26) Importer(815301076,1909f56bfc062723c751e8b465ee728b)
Start importing Assets/PBS Materials Variety Pack/Rocks/Textures/Rocks 5.png using Guid(2f4fc8a273813d44ca43f997b99cce26) Importer(815301076,1909f56bfc062723c751e8b465ee728b)  -> (artifact id: '03b5f005e7c327fc205bed0efcc37731') in 0.148501 seconds 
========================================================================
Received Import Request.
  Time since last request: 0.000525 seconds.
  path: Assets/PBS Materials Variety Pack/Rocks/Textures/Rocks 5 Normals.png
  artifactKey: Guid(3eee68577dac6fa42a7b3f576934b4ab) Importer(815301076,1909f56bfc062723c751e8b465ee728b)
Start importing Assets/PBS Materials Variety Pack/Rocks/Textures/Rocks 5 Normals.png using Guid(3eee68577dac6fa42a7b3f576934b4ab) Importer(815301076,1909f56bfc062723c751e8b465ee728b)  -> (artifact id: '06ad731db6204e7412659388b6b4faa1') in 0.139109 seconds 
========================================================================
Received Import Request.
  Time since last request: 0.000282 seconds.
  path: Assets/PBS Materials Variety Pack/Rocks/Textures/Rocks 3 Displacement.png
  artifactKey: Guid(fe940a9a68f8d5741b2c4aa6c30f10e5) Importer(815301076,1909f56bfc062723c751e8b465ee728b)
Start importing Assets/PBS Materials Variety Pack/Rocks/Textures/Rocks 3 Displacement.png using Guid(fe940a9a68f8d5741b2c4aa6c30f10e5) Importer(815301076,1909f56bfc062723c751e8b465ee728b)  -> (artifact id: '4c0b05ce015c694e201f640c673db0e1') in 0.093171 seconds 
========================================================================
Received Import Request.
  Time since last request: 0.000337 seconds.
  path: Assets/PBS Materials Variety Pack/Rocks/Textures/Rocks6_AO.png
  artifactKey: Guid(c00b25e229f5d38439d7cd719ce2ceb0) Importer(815301076,1909f56bfc062723c751e8b465ee728b)
Start importing Assets/PBS Materials Variety Pack/Rocks/Textures/Rocks6_AO.png using Guid(c00b25e229f5d38439d7cd719ce2ceb0) Importer(815301076,1909f56bfc062723c751e8b465ee728b)  -> (artifact id: '6f204c3452042bdaad5c291ef38e1ff7') in 0.096353 seconds 
========================================================================
Received Import Request.
  Time since last request: 0.000285 seconds.
  path: Assets/PBS Materials Variety Pack/Rocks/Textures/Rocks 1.png
  artifactKey: Guid(490289cbbc65ed34b896c90384eac04d) Importer(815301076,1909f56bfc062723c751e8b465ee728b)
Start importing Assets/PBS Materials Variety Pack/Rocks/Textures/Rocks 1.png using Guid(490289cbbc65ed34b896c90384eac04d) Importer(815301076,1909f56bfc062723c751e8b465ee728b)  -> (artifact id: 'd44bd90341cdfe96ad4f97b5d8bc71ce') in 0.070359 seconds 
========================================================================
Received Import Request.
  Time since last request: 0.000471 seconds.
  path: Assets/PBS Materials Variety Pack/Rocks/Textures/Rocks6_Displacement.png
  artifactKey: Guid(3ebd5a3752ce40a4dae580ca404cba57) Importer(815301076,1909f56bfc062723c751e8b465ee728b)
Start importing Assets/PBS Materials Variety Pack/Rocks/Textures/Rocks6_Displacement.png using Guid(3ebd5a3752ce40a4dae580ca404cba57) Importer(815301076,1909f56bfc062723c751e8b465ee728b)  -> (artifact id: 'fa9ef89b4d92f5d955d5f5dc84ffd159') in 0.112607 seconds 
========================================================================
Received Import Request.
  Time since last request: 0.000278 seconds.
  path: Assets/PBS Materials Variety Pack/Rocks/Textures/Rocks 5 Normals2.png
  artifactKey: Guid(8c74104b5da25214ebff87d3eaa29cfd) Importer(815301076,1909f56bfc062723c751e8b465ee728b)
Start importing Assets/PBS Materials Variety Pack/Rocks/Textures/Rocks 5 Normals2.png using Guid(8c74104b5da25214ebff87d3eaa29cfd) Importer(815301076,1909f56bfc062723c751e8b465ee728b)  -> (artifact id: 'e1e52b2622b65c280d044e3d771fa78b') in 0.149192 seconds 
========================================================================
Received Import Request.
  Time since last request: 10.311527 seconds.
  path: Assets/PBS Materials Variety Pack/Wooden Boards
  artifactKey: Guid(2a53524bb8fbd6643b3457812c9c823c) Importer(815301076,1909f56bfc062723c751e8b465ee728b)
Start importing Assets/PBS Materials Variety Pack/Wooden Boards using Guid(2a53524bb8fbd6643b3457812c9c823c) Importer(815301076,1909f56bfc062723c751e8b465ee728b)  -> (artifact id: 'b8ea890e7942e923419f458edc60be10') in 0.010546 seconds 
========================================================================
Received Import Request.
  Time since last request: 0.118810 seconds.
  path: Assets/PBS Materials Variety Pack/Wooden Boards/Wooden Boards 1.mat
  artifactKey: Guid(d3f56289d53da0747863e6419f9e0a90) Importer(815301076,1909f56bfc062723c751e8b465ee728b)
Start importing Assets/PBS Materials Variety Pack/Wooden Boards/Wooden Boards 1.mat using Guid(d3f56289d53da0747863e6419f9e0a90) Importer(815301076,1909f56bfc062723c751e8b465ee728b)  -> (artifact id: 'c59109cde9df35c3c4b155bb16cf0986') in 0.356604 seconds 
========================================================================
Received Import Request.
  Time since last request: 0.000520 seconds.
  path: Assets/PBS Materials Variety Pack/Wooden Boards/Wooden Boards 3.mat
  artifactKey: Guid(a43c0f7d26d9d7a4487fa0e9c9175f17) Importer(815301076,1909f56bfc062723c751e8b465ee728b)
Start importing Assets/PBS Materials Variety Pack/Wooden Boards/Wooden Boards 3.mat using Guid(a43c0f7d26d9d7a4487fa0e9c9175f17) Importer(815301076,1909f56bfc062723c751e8b465ee728b)  -> (artifact id: '4b445acaa5cbe03d7f1993a0fa042259') in 0.603798 seconds 
========================================================================
Received Import Request.
  Time since last request: 0.350946 seconds.
  path: Assets/PBS Materials Variety Pack/Wooden Boards/Textures
  artifactKey: Guid(b6e29aef539edf740997aebdf4f2b9e6) Importer(815301076,1909f56bfc062723c751e8b465ee728b)
Start importing Assets/PBS Materials Variety Pack/Wooden Boards/Textures using Guid(b6e29aef539edf740997aebdf4f2b9e6) Importer(815301076,1909f56bfc062723c751e8b465ee728b)  -> (artifact id: 'd63e1d98af037911b66445438915dc8f') in 0.004371 seconds 
========================================================================
Received Import Request.
  Time since last request: 0.121889 seconds.
  path: Assets/PBS Materials Variety Pack/Wooden Boards/Textures/NiceDust.png
  artifactKey: Guid(aed1d69bbe159a445a40fb1f523730ab) Importer(815301076,1909f56bfc062723c751e8b465ee728b)
Start importing Assets/PBS Materials Variety Pack/Wooden Boards/Textures/NiceDust.png using Guid(aed1d69bbe159a445a40fb1f523730ab) Importer(815301076,1909f56bfc062723c751e8b465ee728b)  -> (artifact id: 'c2827f1c186d584c0e0c92470ece7cef') in 0.107109 seconds 
========================================================================
Received Import Request.
  Time since last request: 0.000546 seconds.
  path: Assets/PBS Materials Variety Pack/Wooden Boards/Textures/Wooden Boards 1 Normals.png
  artifactKey: Guid(f549913fa3b85034c9750019b108d879) Importer(815301076,1909f56bfc062723c751e8b465ee728b)
Start importing Assets/PBS Materials Variety Pack/Wooden Boards/Textures/Wooden Boards 1 Normals.png using Guid(f549913fa3b85034c9750019b108d879) Importer(815301076,1909f56bfc062723c751e8b465ee728b)  -> (artifact id: '77d4630feb354c131a5f72776f7edc92') in 0.146134 seconds 
========================================================================
Received Import Request.
  Time since last request: 0.000524 seconds.
  path: Assets/PBS Materials Variety Pack/Wooden Boards/Textures/Wooden Boards 3.png
  artifactKey: Guid(4faef43dbe8000c4eb1a7c458a305038) Importer(815301076,1909f56bfc062723c751e8b465ee728b)
Start importing Assets/PBS Materials Variety Pack/Wooden Boards/Textures/Wooden Boards 3.png using Guid(4faef43dbe8000c4eb1a7c458a305038) Importer(815301076,1909f56bfc062723c751e8b465ee728b)  -> (artifact id: '7b21fab0eb2997e151db407ad86b431c') in 0.133036 seconds 
========================================================================
Received Import Request.
  Time since last request: 0.000499 seconds.
  path: Assets/PBS Materials Variety Pack/Wooden Boards/Textures/Wooden Boards 3 Normals.png
  artifactKey: Guid(034e24e2b23fa4948a9cb4eb2f956d20) Importer(815301076,1909f56bfc062723c751e8b465ee728b)
Start importing Assets/PBS Materials Variety Pack/Wooden Boards/Textures/Wooden Boards 3 Normals.png using Guid(034e24e2b23fa4948a9cb4eb2f956d20) Importer(815301076,1909f56bfc062723c751e8b465ee728b)  -> (artifact id: '7a95887a8463da7caf77d8a3818ac7a6') in 0.132618 seconds 
========================================================================
Received Import Request.
  Time since last request: 0.000414 seconds.
  path: Assets/PBS Materials Variety Pack/Wooden Boards/Textures/Wooden Boards 3 Displacement.png
  artifactKey: Guid(06b92af601f6f49419db0f7ad8c4770f) Importer(815301076,1909f56bfc062723c751e8b465ee728b)
Start importing Assets/PBS Materials Variety Pack/Wooden Boards/Textures/Wooden Boards 3 Displacement.png using Guid(06b92af601f6f49419db0f7ad8c4770f) Importer(815301076,1909f56bfc062723c751e8b465ee728b)  -> (artifact id: 'a2194dba1301835e7115169b40ef4597') in 0.098795 seconds 
========================================================================
Received Import Request.
  Time since last request: 0.000321 seconds.
  path: Assets/PBS Materials Variety Pack/Wooden Boards/Textures/Wooden Boards 1.png
  artifactKey: Guid(c231fcb16fc275540a2333e54774e5b8) Importer(815301076,1909f56bfc062723c751e8b465ee728b)
Start importing Assets/PBS Materials Variety Pack/Wooden Boards/Textures/Wooden Boards 1.png using Guid(c231fcb16fc275540a2333e54774e5b8) Importer(815301076,1909f56bfc062723c751e8b465ee728b)  -> (artifact id: 'cb28c2f183562dc3f8da59d7bfa9c39a') in 0.034653 seconds 
========================================================================
Received Import Request.
  Time since last request: 0.000483 seconds.
  path: Assets/PBS Materials Variety Pack/Wooden Boards/Textures/Wooden Boards 1 Displacement.png
  artifactKey: Guid(d5516678591e66a49832c1664e789cd1) Importer(815301076,1909f56bfc062723c751e8b465ee728b)
Start importing Assets/PBS Materials Variety Pack/Wooden Boards/Textures/Wooden Boards 1 Displacement.png using Guid(d5516678591e66a49832c1664e789cd1) Importer(815301076,1909f56bfc062723c751e8b465ee728b)  -> (artifact id: 'b68f1948b6a57c051c3b8c3d1d9f0347') in 0.090476 seconds 
========================================================================
Received Import Request.
  Time since last request: 0.000306 seconds.
  path: Assets/PBS Materials Variety Pack/Wooden Boards/Textures/Wooden Boards 3 Occlusion.png
  artifactKey: Guid(8aadbf3a0683253498c032a7e977a146) Importer(815301076,1909f56bfc062723c751e8b465ee728b)
Start importing Assets/PBS Materials Variety Pack/Wooden Boards/Textures/Wooden Boards 3 Occlusion.png using Guid(8aadbf3a0683253498c032a7e977a146) Importer(815301076,1909f56bfc062723c751e8b465ee728b)  -> (artifact id: 'd8d0fe8de604f9ebddf98417afe5cb93') in 0.136765 seconds 
========================================================================
Received Import Request.
  Time since last request: 0.000303 seconds.
  path: Assets/PBS Materials Variety Pack/Wooden Boards/Textures/Wooden Boards 1 Occlusion.png
  artifactKey: Guid(7aeea13d4822e434e98f710288260ca5) Importer(815301076,1909f56bfc062723c751e8b465ee728b)
Start importing Assets/PBS Materials Variety Pack/Wooden Boards/Textures/Wooden Boards 1 Occlusion.png using Guid(7aeea13d4822e434e98f710288260ca5) Importer(815301076,1909f56bfc062723c751e8b465ee728b)  -> (artifact id: 'c259a12969ca0b9bad9cb2761c1b41ca') in 0.105919 seconds 
========================================================================
Received Import Request.
  Time since last request: 27.069009 seconds.
  path: Assets/PBS Materials Variety Pack/Tiles
  artifactKey: Guid(0101eab762310484d813fa11b3f4fd60) Importer(815301076,1909f56bfc062723c751e8b465ee728b)
Start importing Assets/PBS Materials Variety Pack/Tiles using Guid(0101eab762310484d813fa11b3f4fd60) Importer(815301076,1909f56bfc062723c751e8b465ee728b)  -> (artifact id: '12e7916c04bd8596c3cff1587c0500b9') in 0.011071 seconds 
========================================================================
Received Import Request.
  Time since last request: 0.000866 seconds.
  path: Assets/PBS Materials Variety Pack/Tiles/Tile 2.mat
  artifactKey: Guid(8f6f9b3ffeb5f8943842a4e2d73561fe) Importer(815301076,1909f56bfc062723c751e8b465ee728b)
Start importing Assets/PBS Materials Variety Pack/Tiles/Tile 2.mat using Guid(8f6f9b3ffeb5f8943842a4e2d73561fe) Importer(815301076,1909f56bfc062723c751e8b465ee728b)  -> (artifact id: '12739155fa8c5bf16c6ac6022f798723') in 0.420809 seconds 
========================================================================
Received Import Request.
  Time since last request: 0.705418 seconds.
  path: Assets/PBS Materials Variety Pack/Tiles/Textures
  artifactKey: Guid(0ecc49f850b7ff14b9d6d4d4a864b354) Importer(815301076,1909f56bfc062723c751e8b465ee728b)
Start importing Assets/PBS Materials Variety Pack/Tiles/Textures using Guid(0ecc49f850b7ff14b9d6d4d4a864b354) Importer(815301076,1909f56bfc062723c751e8b465ee728b)  -> (artifact id: '1ec9ee151e5ad20b5e6b86c96915f6ec') in 0.004568 seconds 
========================================================================
Received Import Request.
  Time since last request: 0.137400 seconds.
  path: Assets/PBS Materials Variety Pack/Tiles/Textures/Tile 2 Displacement.png
  artifactKey: Guid(1e35beac0722cd14b9e0d29467aeb3b4) Importer(815301076,1909f56bfc062723c751e8b465ee728b)
Start importing Assets/PBS Materials Variety Pack/Tiles/Textures/Tile 2 Displacement.png using Guid(1e35beac0722cd14b9e0d29467aeb3b4) Importer(815301076,1909f56bfc062723c751e8b465ee728b)  -> (artifact id: 'eeb45e9bba615848136bfe3a3d162543') in 0.102475 seconds 
========================================================================
Received Import Request.
  Time since last request: 0.000670 seconds.
  path: Assets/PBS Materials Variety Pack/Tiles/Textures/Tile 2 Metallic.png
  artifactKey: Guid(88cdd02b45a8e2642a4e0db7b8e73670) Importer(815301076,1909f56bfc062723c751e8b465ee728b)
Start importing Assets/PBS Materials Variety Pack/Tiles/Textures/Tile 2 Metallic.png using Guid(88cdd02b45a8e2642a4e0db7b8e73670) Importer(815301076,1909f56bfc062723c751e8b465ee728b)  -> (artifact id: 'd1fa633a2a84bd325d99af43217e2799') in 0.144655 seconds 
========================================================================
Received Import Request.
  Time since last request: 0.000503 seconds.
  path: Assets/PBS Materials Variety Pack/Tiles/Textures/Tile 2 Normals.png
  artifactKey: Guid(49a1e953663a00d4a8ea9be6e231bfc2) Importer(815301076,1909f56bfc062723c751e8b465ee728b)
Start importing Assets/PBS Materials Variety Pack/Tiles/Textures/Tile 2 Normals.png using Guid(49a1e953663a00d4a8ea9be6e231bfc2) Importer(815301076,1909f56bfc062723c751e8b465ee728b)  -> (artifact id: '4cafae88c29f4a284dc89dde7f987557') in 0.118117 seconds 
========================================================================
Received Import Request.
  Time since last request: 0.000411 seconds.
  path: Assets/PBS Materials Variety Pack/Tiles/Textures/Tile 2 Occlusion.png
  artifactKey: Guid(b8143f94eb59bc04c8137ace1f5e64dc) Importer(815301076,1909f56bfc062723c751e8b465ee728b)
Start importing Assets/PBS Materials Variety Pack/Tiles/Textures/Tile 2 Occlusion.png using Guid(b8143f94eb59bc04c8137ace1f5e64dc) Importer(815301076,1909f56bfc062723c751e8b465ee728b)  -> (artifact id: 'd06606d8b6c1127dd560a56a7492225b') in 0.107450 seconds 
========================================================================
Received Import Request.
  Time since last request: 0.000495 seconds.
  path: Assets/PBS Materials Variety Pack/Tiles/Textures/Tile 2.png
  artifactKey: Guid(3c12f3c7edc31104aa5200173f8f1915) Importer(815301076,1909f56bfc062723c751e8b465ee728b)
Start importing Assets/PBS Materials Variety Pack/Tiles/Textures/Tile 2.png using Guid(3c12f3c7edc31104aa5200173f8f1915) Importer(815301076,1909f56bfc062723c751e8b465ee728b)  -> (artifact id: 'e56e221dd38ac7d099e2ff06200ffcff') in 0.188464 seconds 
========================================================================
Received Import Request.
  Time since last request: 14.679772 seconds.
  path: Assets/PBS Materials Variety Pack/Brick
  artifactKey: Guid(d3f0bf92b41964c45a64e56a90619d8f) Importer(815301076,1909f56bfc062723c751e8b465ee728b)
Start importing Assets/PBS Materials Variety Pack/Brick using Guid(d3f0bf92b41964c45a64e56a90619d8f) Importer(815301076,1909f56bfc062723c751e8b465ee728b)  -> (artifact id: '720edfb5673e0c44bc34c6fdc48f623a') in 0.011395 seconds 
========================================================================
Received Import Request.
  Time since last request: 0.114959 seconds.
  path: Assets/PBS Materials Variety Pack/Brick/Brick 1.mat
  artifactKey: Guid(1d5939a464acf6647805c9f9dbfaa20b) Importer(815301076,1909f56bfc062723c751e8b465ee728b)
Start importing Assets/PBS Materials Variety Pack/Brick/Brick 1.mat using Guid(1d5939a464acf6647805c9f9dbfaa20b) Importer(815301076,1909f56bfc062723c751e8b465ee728b)  -> (artifact id: '07447563612583e0758dc74044c3db7c') in 0.647269 seconds 
========================================================================
Received Import Request.
  Time since last request: 0.000438 seconds.
  path: Assets/PBS Materials Variety Pack/Brick/Brick 5.mat
  artifactKey: Guid(be1fb31c7813d794ca0bb3056f583534) Importer(815301076,1909f56bfc062723c751e8b465ee728b)
Start importing Assets/PBS Materials Variety Pack/Brick/Brick 5.mat using Guid(be1fb31c7813d794ca0bb3056f583534) Importer(815301076,1909f56bfc062723c751e8b465ee728b)  -> (artifact id: 'fbd88eb63b6ae4afd4e6d483825e4ed9') in 0.360546 seconds 
========================================================================
Received Import Request.
  Time since last request: 0.000447 seconds.
  path: Assets/PBS Materials Variety Pack/Brick/Brick 10.mat
  artifactKey: Guid(526718f8ee174804798ec72a5b8dc406) Importer(815301076,1909f56bfc062723c751e8b465ee728b)
Start importing Assets/PBS Materials Variety Pack/Brick/Brick 10.mat using Guid(526718f8ee174804798ec72a5b8dc406) Importer(815301076,1909f56bfc062723c751e8b465ee728b)  -> (artifact id: '3de27bb055fbb6fd79c3f05697c007ad') in 0.313353 seconds 
========================================================================
Received Import Request.
  Time since last request: 12.224588 seconds.
  path: Assets/PBS Materials Variety Pack/Carpet/Carpet 1.mat
  artifactKey: Guid(157c47e0c183e304d98ecf181ace8326) Importer(815301076,1909f56bfc062723c751e8b465ee728b)
Start importing Assets/PBS Materials Variety Pack/Carpet/Carpet 1.mat using Guid(157c47e0c183e304d98ecf181ace8326) Importer(815301076,1909f56bfc062723c751e8b465ee728b)  -> (artifact id: '6aadf3df396275a3db7656316a875454') in 0.189392 seconds 
========================================================================
Received Import Request.
  Time since last request: 11.487489 seconds.
  path: Assets/PBS Materials Variety Pack/Concrete
  artifactKey: Guid(9ebf2562d575048439ba1fa4ddb512a1) Importer(815301076,1909f56bfc062723c751e8b465ee728b)
Start importing Assets/PBS Materials Variety Pack/Concrete using Guid(9ebf2562d575048439ba1fa4ddb512a1) Importer(815301076,1909f56bfc062723c751e8b465ee728b)  -> (artifact id: 'c77482671ebeb07bf9ac9e24ec239ef9') in 0.014772 seconds 
========================================================================
Received Import Request.
  Time since last request: 1.122522 seconds.
  path: Assets/PBS Materials Variety Pack/Fabric
  artifactKey: Guid(850958ff9166e3a438a4db5c04321ec7) Importer(815301076,1909f56bfc062723c751e8b465ee728b)
Start importing Assets/PBS Materials Variety Pack/Fabric using Guid(850958ff9166e3a438a4db5c04321ec7) Importer(815301076,1909f56bfc062723c751e8b465ee728b)  -> (artifact id: 'd446f8e57b5ceb819cd87fb135ce1768') in 0.033570 seconds 
========================================================================
Received Import Request.
  Time since last request: 0.093961 seconds.
  path: Assets/PBS Materials Variety Pack/Fabric/Fabric 1.mat
  artifactKey: Guid(648a8630c958c0b49af39a9751448a70) Importer(815301076,1909f56bfc062723c751e8b465ee728b)
Start importing Assets/PBS Materials Variety Pack/Fabric/Fabric 1.mat using Guid(648a8630c958c0b49af39a9751448a70) Importer(815301076,1909f56bfc062723c751e8b465ee728b)  -> (artifact id: '4507472b39a4bfaa286dce0114c17711') in 0.343345 seconds 
========================================================================
Received Import Request.
  Time since last request: 6.168406 seconds.
  path: Assets/PBS Materials Variety Pack/Glass
  artifactKey: Guid(a6a5276a2e921474da8bd0d246ead38b) Importer(815301076,1909f56bfc062723c751e8b465ee728b)
Start importing Assets/PBS Materials Variety Pack/Glass using Guid(a6a5276a2e921474da8bd0d246ead38b) Importer(815301076,1909f56bfc062723c751e8b465ee728b)  -> (artifact id: '5fe1f38b603bc4be95e50ee2fdf13467') in 0.010175 seconds 
========================================================================
Received Import Request.
  Time since last request: 0.116461 seconds.
  path: Assets/PBS Materials Variety Pack/Glass/Glass 2.mat
  artifactKey: Guid(ad34f47c4966ee647bce96892c9d4e5c) Importer(815301076,1909f56bfc062723c751e8b465ee728b)
Start importing Assets/PBS Materials Variety Pack/Glass/Glass 2.mat using Guid(ad34f47c4966ee647bce96892c9d4e5c) Importer(815301076,1909f56bfc062723c751e8b465ee728b)  -> (artifact id: 'c89be33500995750e6c8d23aa805e798') in 0.415967 seconds 
========================================================================
Received Import Request.
  Time since last request: 0.000501 seconds.
  path: Assets/PBS Materials Variety Pack/Glass/Glass 3.mat
  artifactKey: Guid(6dcf759867bfc4ef0b52caed976f7996) Importer(815301076,1909f56bfc062723c751e8b465ee728b)
Start importing Assets/PBS Materials Variety Pack/Glass/Glass 3.mat using Guid(6dcf759867bfc4ef0b52caed976f7996) Importer(815301076,1909f56bfc062723c751e8b465ee728b)  -> (artifact id: '50747810c2e590160d6cc183ee900e44') in 0.821106 seconds 
========================================================================
Received Import Request.
  Time since last request: 15.475807 seconds.
  path: Assets/PBS Materials Variety Pack/Hex Lattice
  artifactKey: Guid(edb85c447d9664e648c0bbd57a65fd3b) Importer(815301076,1909f56bfc062723c751e8b465ee728b)
Start importing Assets/PBS Materials Variety Pack/Hex Lattice using Guid(edb85c447d9664e648c0bbd57a65fd3b) Importer(815301076,1909f56bfc062723c751e8b465ee728b)  -> (artifact id: 'bf6dd0b8021d2b79cbdb4416f20dd668') in 0.011201 seconds 
========================================================================
Received Import Request.
  Time since last request: 0.117442 seconds.
  path: Assets/PBS Materials Variety Pack/Hex Lattice/hexlattice08.mat
  artifactKey: Guid(5c57d49b51c144dd88e74e77943e1e02) Importer(815301076,1909f56bfc062723c751e8b465ee728b)
Start importing Assets/PBS Materials Variety Pack/Hex Lattice/hexlattice08.mat using Guid(5c57d49b51c144dd88e74e77943e1e02) Importer(815301076,1909f56bfc062723c751e8b465ee728b)  -> (artifact id: '7c37e71ad82eb1cc5f275081227799b2') in 0.946684 seconds 
========================================================================
Received Import Request.
  Time since last request: 0.000445 seconds.
  path: Assets/PBS Materials Variety Pack/Hex Lattice/hexlattice16.mat
  artifactKey: Guid(abc32a8102e2443479b8631391b25990) Importer(815301076,1909f56bfc062723c751e8b465ee728b)
Start importing Assets/PBS Materials Variety Pack/Hex Lattice/hexlattice16.mat using Guid(abc32a8102e2443479b8631391b25990) Importer(815301076,1909f56bfc062723c751e8b465ee728b)  -> (artifact id: 'b1c9287f9be455070d485616a70d1e7e') in 0.620645 seconds 
========================================================================
Received Import Request.
  Time since last request: 0.000295 seconds.
  path: Assets/PBS Materials Variety Pack/Hex Lattice/hexlattice14.mat
  artifactKey: Guid(66941a833e21d47129ff94e45320325d) Importer(815301076,1909f56bfc062723c751e8b465ee728b)
Start importing Assets/PBS Materials Variety Pack/Hex Lattice/hexlattice14.mat using Guid(66941a833e21d47129ff94e45320325d) Importer(815301076,1909f56bfc062723c751e8b465ee728b)  -> (artifact id: 'ab21fb36761a6c48739257f0abb49364') in 0.596003 seconds 
========================================================================
Received Import Request.
  Time since last request: 5.774418 seconds.
  path: Assets/PBS Materials Variety Pack/Metal
  artifactKey: Guid(b7eb1f6716067ff46b482218dd320bb3) Importer(815301076,1909f56bfc062723c751e8b465ee728b)
Start importing Assets/PBS Materials Variety Pack/Metal using Guid(b7eb1f6716067ff46b482218dd320bb3) Importer(815301076,1909f56bfc062723c751e8b465ee728b)  -> (artifact id: '9f150d7233cfaf13aad980d99f8d1771') in 0.011423 seconds 
========================================================================
Received Import Request.
  Time since last request: 0.048614 seconds.
  path: Assets/PBS Materials Variety Pack/Metal/Metal 3.mat
  artifactKey: Guid(025cbf9d232c99f4bb5a2e86929f2cd7) Importer(815301076,1909f56bfc062723c751e8b465ee728b)
Start importing Assets/PBS Materials Variety Pack/Metal/Metal 3.mat using Guid(025cbf9d232c99f4bb5a2e86929f2cd7) Importer(815301076,1909f56bfc062723c751e8b465ee728b)  -> (artifact id: '9423edfc904c4e1102d18a7821ace694') in 0.224335 seconds 
========================================================================
Received Import Request.
  Time since last request: 0.000537 seconds.
  path: Assets/PBS Materials Variety Pack/Metal/Metal 5b.mat
  artifactKey: Guid(32f24be23d7e7a144a5ea612fcdc6d19) Importer(815301076,1909f56bfc062723c751e8b465ee728b)
Start importing Assets/PBS Materials Variety Pack/Metal/Metal 5b.mat using Guid(32f24be23d7e7a144a5ea612fcdc6d19) Importer(815301076,1909f56bfc062723c751e8b465ee728b)  -> (artifact id: 'bfb527b1126d76fe5c9a69fe4275e7f0') in 0.732432 seconds 
========================================================================
Received Import Request.
  Time since last request: 0.000297 seconds.
  path: Assets/PBS Materials Variety Pack/Metal/Metal 6.mat
  artifactKey: Guid(216892814c5f0f84e9d1991a2a9842cb) Importer(815301076,1909f56bfc062723c751e8b465ee728b)
Start importing Assets/PBS Materials Variety Pack/Metal/Metal 6.mat using Guid(216892814c5f0f84e9d1991a2a9842cb) Importer(815301076,1909f56bfc062723c751e8b465ee728b)  -> (artifact id: 'c829e69b784300c01e2117c6caa226fe') in 0.255959 seconds 
========================================================================
Received Import Request.
  Time since last request: 0.000490 seconds.
  path: Assets/PBS Materials Variety Pack/Metal/Metal 17.mat
  artifactKey: Guid(aaf7aa61a2604e0428b66a19f2c23901) Importer(815301076,1909f56bfc062723c751e8b465ee728b)
Start importing Assets/PBS Materials Variety Pack/Metal/Metal 17.mat using Guid(aaf7aa61a2604e0428b66a19f2c23901) Importer(815301076,1909f56bfc062723c751e8b465ee728b)  -> (artifact id: 'a134507b1c44689687aed4cbd049ead2') in 0.364835 seconds 
========================================================================
Received Import Request.
  Time since last request: 0.000297 seconds.
  path: Assets/PBS Materials Variety Pack/Metal/Metal 11.mat
  artifactKey: Guid(80163557887c0fd4ba8ac2bbaee52a17) Importer(815301076,1909f56bfc062723c751e8b465ee728b)
Start importing Assets/PBS Materials Variety Pack/Metal/Metal 11.mat using Guid(80163557887c0fd4ba8ac2bbaee52a17) Importer(815301076,1909f56bfc062723c751e8b465ee728b)  -> (artifact id: '36ff9943f29ecbb0c7471130c8d7b8de') in 0.325329 seconds 
========================================================================
Received Import Request.
  Time since last request: 0.000352 seconds.
  path: Assets/PBS Materials Variety Pack/Metal/Metal 16.mat
  artifactKey: Guid(419d1c3909cea20449811fda629fb769) Importer(815301076,1909f56bfc062723c751e8b465ee728b)
Start importing Assets/PBS Materials Variety Pack/Metal/Metal 16.mat using Guid(419d1c3909cea20449811fda629fb769) Importer(815301076,1909f56bfc062723c751e8b465ee728b)  -> (artifact id: '5361d3ea872989c0ef5b7fd4753e9666') in 0.640646 seconds 
========================================================================
Received Import Request.
  Time since last request: 7.806962 seconds.
  path: Assets/PBS Materials Variety Pack/Bark
  artifactKey: Guid(2027090decc727143a17ce9f12c3cdec) Importer(815301076,1909f56bfc062723c751e8b465ee728b)
Start importing Assets/PBS Materials Variety Pack/Bark using Guid(2027090decc727143a17ce9f12c3cdec) Importer(815301076,1909f56bfc062723c751e8b465ee728b)  -> (artifact id: '14028cb28b31773c7be110c89220eb73') in 0.010621 seconds 
========================================================================
Received Import Request.
  Time since last request: 0.130939 seconds.
  path: Assets/PBS Materials Variety Pack/Bark/Bark 2.mat
  artifactKey: Guid(fed5da7d598112846b2ef6bd2ab38a03) Importer(815301076,1909f56bfc062723c751e8b465ee728b)
Start importing Assets/PBS Materials Variety Pack/Bark/Bark 2.mat using Guid(fed5da7d598112846b2ef6bd2ab38a03) Importer(815301076,1909f56bfc062723c751e8b465ee728b)  -> (artifact id: '6d5f96268f83e4efe0a8023787f4fcce') in 0.177537 seconds 
========================================================================
Received Import Request.
  Time since last request: 247.785856 seconds.
  path: Assets/PBS Materials Variety Pack/Food
  artifactKey: Guid(82fba6b0189fe5f41b40200129bc090a) Importer(815301076,1909f56bfc062723c751e8b465ee728b)
Start importing Assets/PBS Materials Variety Pack/Food using Guid(82fba6b0189fe5f41b40200129bc090a) Importer(815301076,1909f56bfc062723c751e8b465ee728b)  -> (artifact id: 'ccb770ba5405573a46b4846380d265dc') in 0.011560 seconds 
========================================================================
Received Import Request.
  Time since last request: 0.360953 seconds.
  path: Assets/PBS Materials Variety Pack/Food/Food 1.mat
  artifactKey: Guid(b3b570333bd09e249a065b17c2ab1adb) Importer(815301076,1909f56bfc062723c751e8b465ee728b)
Start importing Assets/PBS Materials Variety Pack/Food/Food 1.mat using Guid(b3b570333bd09e249a065b17c2ab1adb) Importer(815301076,1909f56bfc062723c751e8b465ee728b)  -> (artifact id: '235d5992ec9cde44d29e3090daa198cc') in 0.134159 seconds 
========================================================================
Received Import Request.
  Time since last request: 6.585330 seconds.
  path: Assets/PBS Materials Variety Pack/Asphalt
  artifactKey: Guid(04ccbd758317ec648bbfbaa3aae5206d) Importer(815301076,1909f56bfc062723c751e8b465ee728b)
Start importing Assets/PBS Materials Variety Pack/Asphalt using Guid(04ccbd758317ec648bbfbaa3aae5206d) Importer(815301076,1909f56bfc062723c751e8b465ee728b)  -> (artifact id: '98e37f4be526d7392c085a669ed4b3d7') in 0.013011 seconds 
========================================================================
Received Import Request.
  Time since last request: 0.130889 seconds.
  path: Assets/PBS Materials Variety Pack/Asphalt/Asphalt 1.mat
  artifactKey: Guid(63a7a44a03b04434b941e895fcb5ac68) Importer(815301076,1909f56bfc062723c751e8b465ee728b)
Start importing Assets/PBS Materials Variety Pack/Asphalt/Asphalt 1.mat using Guid(63a7a44a03b04434b941e895fcb5ac68) Importer(815301076,1909f56bfc062723c751e8b465ee728b)  -> (artifact id: '25844677db647a24b271a6062ef66d6b') in 0.345306 seconds 
========================================================================
Received Import Request.
  Time since last request: 61.373742 seconds.
  path: Assets/Materials/background.mat
  artifactKey: Guid(962223ece3e4c5c4aa42620713913815) Importer(815301076,1909f56bfc062723c751e8b465ee728b)
Start importing Assets/Materials/background.mat using Guid(962223ece3e4c5c4aa42620713913815) Importer(815301076,1909f56bfc062723c751e8b465ee728b)  -> (artifact id: 'fd938ded9227d79d394d76042ff2f599') in 0.030689 seconds 
========================================================================
Received Import Request.
  Time since last request: 8.464214 seconds.
  path: Assets/PBS Materials Variety Pack/000 Example Scene Sample
  artifactKey: Guid(21823ad9a296f440d8a25d809804fe49) Importer(815301076,1909f56bfc062723c751e8b465ee728b)
Start importing Assets/PBS Materials Variety Pack/000 Example Scene Sample using Guid(21823ad9a296f440d8a25d809804fe49) Importer(815301076,1909f56bfc062723c751e8b465ee728b)  -> (artifact id: 'a6c3d8bc89173eda7a821114586d33a1') in 0.010401 seconds 
========================================================================
Received Import Request.
  Time since last request: 0.547640 seconds.
  path: Assets/PBS Materials Variety Pack/000 Example Scene Sample/LightingData.asset
  artifactKey: Guid(9dbce77c5eeaa4f3ab42e05cedec8e33) Importer(815301076,1909f56bfc062723c751e8b465ee728b)
Start importing Assets/PBS Materials Variety Pack/000 Example Scene Sample/LightingData.asset using Guid(9dbce77c5eeaa4f3ab42e05cedec8e33) Importer(815301076,1909f56bfc062723c751e8b465ee728b)  -> (artifact id: 'c774b10c2a2d66572c66d1184a0e2746') in 0.021321 seconds 
========================================================================
Received Import Request.
  Time since last request: 0.000395 seconds.
  path: Assets/PBS Materials Variety Pack/000 Example Scene Sample/ReflectionProbe-0.exr
  artifactKey: Guid(2ceb8b695a9c14ef481c017411638f5c) Importer(815301076,1909f56bfc062723c751e8b465ee728b)
Start importing Assets/PBS Materials Variety Pack/000 Example Scene Sample/ReflectionProbe-0.exr using Guid(2ceb8b695a9c14ef481c017411638f5c) Importer(815301076,1909f56bfc062723c751e8b465ee728b)  -> (artifact id: '14f28f638ccd4822a0252ccedf68bb40') in 0.047800 seconds 
========================================================================
Received Import Request.
  Time since last request: 15.675822 seconds.
  path: Assets/PBS Materials Variety Pack/zzz
  artifactKey: Guid(14b77a66851ac7a4890efb6207b3dec0) Importer(815301076,1909f56bfc062723c751e8b465ee728b)
Start importing Assets/PBS Materials Variety Pack/zzz using Guid(14b77a66851ac7a4890efb6207b3dec0) Importer(815301076,1909f56bfc062723c751e8b465ee728b)  -> (artifact id: '792d547b1e0f02f942d44dcf9c098094') in 0.037262 seconds 
========================================================================
Received Import Request.
  Time since last request: 2.181440 seconds.
  path: Assets/PBS Materials Variety Pack/Stone
  artifactKey: Guid(a0814a8327beddf429869ed556766ff4) Importer(815301076,1909f56bfc062723c751e8b465ee728b)
Start importing Assets/PBS Materials Variety Pack/Stone using Guid(a0814a8327beddf429869ed556766ff4) Importer(815301076,1909f56bfc062723c751e8b465ee728b)  -> (artifact id: '182ca3ea05871da398f9ab5d7bfdcab3') in 0.011375 seconds 
========================================================================
Received Prepare
Registering precompiled user dll's ...
Registered in 0.003839 seconds.
Begin MonoManager ReloadAssembly
Native extension for WindowsStandalone target not found
Refreshing native plugins compatible for Editor in 0.94 ms, found 2 plugins.
Preloading 0 native plugins for Editor in 0.00 ms.
Mono: successfully reloaded assembly
- Completed reload, in  1.678 seconds
Domain Reload Profiling:
	ReloadAssembly (1679ms)
		BeginReloadAssembly (170ms)
			ExecutionOrderSort (0ms)
			DisableScriptedObjects (6ms)
			BackupInstance (0ms)
			ReleaseScriptingObjects (0ms)
			CreateAndSetChildDomain (50ms)
		EndReloadAssembly (1412ms)
			LoadAssemblies (136ms)
			RebuildTransferFunctionScriptingTraits (0ms)
			SetupTypeCache (412ms)
			ReleaseScriptCaches (1ms)
			RebuildScriptCaches (56ms)
			SetupLoadedEditorAssemblies (677ms)
				LogAssemblyErrors (0ms)
				InitializePlatformSupportModulesInManaged (6ms)
				SetLoadedEditorAssemblies (1ms)
				RefreshPlugins (1ms)
				BeforeProcessingInitializeOnLoad (144ms)
				ProcessInitializeOnLoadAttributes (500ms)
				ProcessInitializeOnLoadMethodAttributes (18ms)
				AfterProcessingInitializeOnLoad (6ms)
				EditorAssembliesLoaded (0ms)
			ExecutionOrderSort2 (0ms)
			AwakeInstancesAfterBackupRestoration (3ms)
Platform modules already initialized, skipping
Switching build target platform(19) subTarget(0) extendedPlatform(0) -> platform(13) subTarget(537395200) extendedPlatform(0)
Refreshing native plugins compatible for Editor in 0.58 ms, found 2 plugins.
Preloading 0 native plugins for Editor in 0.00 ms.
Unloading 1905 Unused Serialized files (Serialized files now loaded: 0)
System memory in use before: 175.2 MB.
System memory in use after: 175.3 MB.

Unloading 14 unused Assets to reduce memory usage. Loaded Objects now: 2425.
Total: 3.807700 ms (FindLiveObjects: 0.176900 ms CreateObjectMapping: 0.054200 ms MarkObjects: 3.547900 ms  DeleteObjects: 0.027500 ms)

AssetImportParameters requested are different than current active one (requested -> active):
  custom:framework-win-MediaFoundation: 216162199b28c13a410421893ffa2e32 -> 
  custom:video-decoder-ogg-theora: a1e56fd34408186e4bbccfd4996cb3dc -> 
  custom:container-muxer-webm: aa71ff27fc2769a1b78a27578f13a17b -> 
  custom:container-demuxer-webm: 4f35f7cbe854078d1ac9338744f61a02 -> 
  custom:container-demuxer-ogg: 62fdf1f143b41e24485cea50d1cbac27 -> 
  custom:video-encoder-webm-vp8: eb34c28f22e8b96e1ab97ce403110664 -> 
  custom:video-decoder-webm-vp8: 9c59270c3fd7afecdb556c50c9e8de78 -> 
  custom:graphics/normal-map-encoding: 01000000000000000000000000000000 -> 02000000000000000000000000000000
  custom:audio-decoder-ogg-vorbis: bf7c407c2cedff20999df2af8eb42d56 -> 
  custom:audio-encoder-webm-vorbis: bf7c407c2cedff20999df2af8eb42d56 -> 
========================================================================
Received Import Request.
  Time since last request: 72.505454 seconds.
  path: Assets/Scenes/Scene1.unity
  artifactKey: Guid(779b264a7a4da6c43a9f2c27accd6aaa) Importer(815301076,1909f56bfc062723c751e8b465ee728b)
Start importing Assets/Scenes/Scene1.unity using Guid(779b264a7a4da6c43a9f2c27accd6aaa) Importer(815301076,1909f56bfc062723c751e8b465ee728b)  -> (artifact id: '60b4693130e48e2f1f91cd976c1b2246') in 0.017341 seconds 
========================================================================
Received Import Request.
  Time since last request: 1.408707 seconds.
  path: Assets/Scenes/Scene1 1.unity
  artifactKey: Guid(b8e9d7e572034234dacacc385f06f303) Importer(815301076,1909f56bfc062723c751e8b465ee728b)
Start importing Assets/Scenes/Scene1 1.unity using Guid(b8e9d7e572034234dacacc385f06f303) Importer(815301076,1909f56bfc062723c751e8b465ee728b)  -> (artifact id: '6c9a2fc8fc7fbd694226d4d1777a9ac6') in 0.012032 seconds 
========================================================================
Received Import Request.
  Time since last request: 5.353307 seconds.
  path: Assets/Scenes/Scene2.unity
  artifactKey: Guid(b8e9d7e572034234dacacc385f06f303) Importer(815301076,1909f56bfc062723c751e8b465ee728b)
Start importing Assets/Scenes/Scene2.unity using Guid(b8e9d7e572034234dacacc385f06f303) Importer(815301076,1909f56bfc062723c751e8b465ee728b)  -> (artifact id: '088007c1527df5fa0aa6b2b1d2f0a97e') in 0.009706 seconds 
========================================================================
Received Prepare
Registering precompiled user dll's ...
Registered in 0.002807 seconds.
Begin MonoManager ReloadAssembly
Native extension for WindowsStandalone target not found
Refreshing native plugins compatible for Editor in 0.60 ms, found 2 plugins.
Preloading 0 native plugins for Editor in 0.00 ms.
Mono: successfully reloaded assembly
- Completed reload, in  1.148 seconds
Domain Reload Profiling:
	ReloadAssembly (1149ms)
		BeginReloadAssembly (132ms)
			ExecutionOrderSort (0ms)
			DisableScriptedObjects (9ms)
			BackupInstance (0ms)
			ReleaseScriptingObjects (0ms)
			CreateAndSetChildDomain (37ms)
		EndReloadAssembly (958ms)
			LoadAssemblies (106ms)
			RebuildTransferFunctionScriptingTraits (0ms)
			SetupTypeCache (362ms)
			ReleaseScriptCaches (1ms)
			RebuildScriptCaches (43ms)
			SetupLoadedEditorAssemblies (329ms)
				LogAssemblyErrors (0ms)
				InitializePlatformSupportModulesInManaged (3ms)
				SetLoadedEditorAssemblies (1ms)
				RefreshPlugins (1ms)
				BeforeProcessingInitializeOnLoad (69ms)
				ProcessInitializeOnLoadAttributes (237ms)
				ProcessInitializeOnLoadMethodAttributes (14ms)
				AfterProcessingInitializeOnLoad (4ms)
				EditorAssembliesLoaded (0ms)
			ExecutionOrderSort2 (0ms)
			AwakeInstancesAfterBackupRestoration (2ms)
Platform modules already initialized, skipping
Switching build target platform(19) subTarget(0) extendedPlatform(0) -> platform(13) subTarget(537395200) extendedPlatform(0)
Refreshing native plugins compatible for Editor in 0.79 ms, found 2 plugins.
Preloading 0 native plugins for Editor in 0.00 ms.
Unloading 1879 Unused Serialized files (Serialized files now loaded: 0)
System memory in use before: 174.6 MB.
System memory in use after: 174.7 MB.

Unloading 31 unused Assets to reduce memory usage. Loaded Objects now: 2409.
Total: 7.524000 ms (FindLiveObjects: 0.285400 ms CreateObjectMapping: 0.112100 ms MarkObjects: 7.064700 ms  DeleteObjects: 0.059900 ms)

AssetImportParameters requested are different than current active one (requested -> active):
  custom:framework-win-MediaFoundation: 216162199b28c13a410421893ffa2e32 -> 
  custom:video-decoder-ogg-theora: a1e56fd34408186e4bbccfd4996cb3dc -> 
  custom:container-muxer-webm: aa71ff27fc2769a1b78a27578f13a17b -> 
  custom:container-demuxer-webm: 4f35f7cbe854078d1ac9338744f61a02 -> 
  custom:container-demuxer-ogg: 62fdf1f143b41e24485cea50d1cbac27 -> 
  custom:video-encoder-webm-vp8: eb34c28f22e8b96e1ab97ce403110664 -> 
  custom:video-decoder-webm-vp8: 9c59270c3fd7afecdb556c50c9e8de78 -> 
  custom:graphics/normal-map-encoding: 01000000000000000000000000000000 -> 02000000000000000000000000000000
  custom:audio-decoder-ogg-vorbis: bf7c407c2cedff20999df2af8eb42d56 -> 
  custom:audio-encoder-webm-vorbis: bf7c407c2cedff20999df2af8eb42d56 -> 
========================================================================
Received Import Request.
  Time since last request: 350.156269 seconds.
  path: Assets/Scripts/StartGame.cs
  artifactKey: Guid(3ea4b425f38430240bc79c6469dc5f12) Importer(815301076,1909f56bfc062723c751e8b465ee728b)
Start importing Assets/Scripts/StartGame.cs using Guid(3ea4b425f38430240bc79c6469dc5f12) Importer(815301076,1909f56bfc062723c751e8b465ee728b)  -> (artifact id: '8bc3b3ef1682dd8fad8a4d3383fe3337') in 0.024552 seconds 
========================================================================
Received Prepare
Registering precompiled user dll's ...
Registered in 0.005387 seconds.
Begin MonoManager ReloadAssembly
Native extension for WindowsStandalone target not found
Refreshing native plugins compatible for Editor in 0.55 ms, found 2 plugins.
Preloading 0 native plugins for Editor in 0.00 ms.
Mono: successfully reloaded assembly
- Completed reload, in  1.471 seconds
Domain Reload Profiling:
	ReloadAssembly (1471ms)
		BeginReloadAssembly (166ms)
			ExecutionOrderSort (0ms)
			DisableScriptedObjects (9ms)
			BackupInstance (0ms)
			ReleaseScriptingObjects (1ms)
			CreateAndSetChildDomain (50ms)
		EndReloadAssembly (1196ms)
			LoadAssemblies (140ms)
			RebuildTransferFunctionScriptingTraits (0ms)
			SetupTypeCache (402ms)
			ReleaseScriptCaches (1ms)
			RebuildScriptCaches (56ms)
			SetupLoadedEditorAssemblies (444ms)
				LogAssemblyErrors (0ms)
				InitializePlatformSupportModulesInManaged (6ms)
				SetLoadedEditorAssemblies (1ms)
				RefreshPlugins (1ms)
				BeforeProcessingInitializeOnLoad (102ms)
				ProcessInitializeOnLoadAttributes (311ms)
				ProcessInitializeOnLoadMethodAttributes (18ms)
				AfterProcessingInitializeOnLoad (7ms)
				EditorAssembliesLoaded (0ms)
			ExecutionOrderSort2 (0ms)
			AwakeInstancesAfterBackupRestoration (3ms)
Platform modules already initialized, skipping
Switching build target platform(19) subTarget(0) extendedPlatform(0) -> platform(13) subTarget(537395200) extendedPlatform(0)
Refreshing native plugins compatible for Editor in 0.83 ms, found 2 plugins.
Preloading 0 native plugins for Editor in 0.00 ms.
Unloading 1879 Unused Serialized files (Serialized files now loaded: 0)
System memory in use before: 174.5 MB.
System memory in use after: 174.6 MB.

Unloading 12 unused Assets to reduce memory usage. Loaded Objects now: 2412.
Total: 4.932300 ms (FindLiveObjects: 0.257600 ms CreateObjectMapping: 0.060500 ms MarkObjects: 4.584100 ms  DeleteObjects: 0.028400 ms)

AssetImportParameters requested are different than current active one (requested -> active):
  custom:framework-win-MediaFoundation: 216162199b28c13a410421893ffa2e32 -> 
  custom:video-decoder-ogg-theora: a1e56fd34408186e4bbccfd4996cb3dc -> 
  custom:container-muxer-webm: aa71ff27fc2769a1b78a27578f13a17b -> 
  custom:container-demuxer-webm: 4f35f7cbe854078d1ac9338744f61a02 -> 
  custom:container-demuxer-ogg: 62fdf1f143b41e24485cea50d1cbac27 -> 
  custom:video-encoder-webm-vp8: eb34c28f22e8b96e1ab97ce403110664 -> 
  custom:video-decoder-webm-vp8: 9c59270c3fd7afecdb556c50c9e8de78 -> 
  custom:graphics/normal-map-encoding: 01000000000000000000000000000000 -> 02000000000000000000000000000000
  custom:audio-decoder-ogg-vorbis: bf7c407c2cedff20999df2af8eb42d56 -> 
  custom:audio-encoder-webm-vorbis: bf7c407c2cedff20999df2af8eb42d56 -> 
========================================================================
Received Import Request.
  Time since last request: 53.454249 seconds.
  path: Assets/Scripts/StartGame.cs
  artifactKey: Guid(3ea4b425f38430240bc79c6469dc5f12) Importer(815301076,1909f56bfc062723c751e8b465ee728b)
Start importing Assets/Scripts/StartGame.cs using Guid(3ea4b425f38430240bc79c6469dc5f12) Importer(815301076,1909f56bfc062723c751e8b465ee728b)  -> (artifact id: 'ce4319bae5a61e4d8d00cca417ae9c71') in 0.006677 seconds 
========================================================================
Received Import Request.
  Time since last request: 202.854211 seconds.
  path: Assets/Scripts/Collector.cs
  artifactKey: Guid(538997c7669c5aa43879e7e8d4c1c25b) Importer(815301076,1909f56bfc062723c751e8b465ee728b)
Start importing Assets/Scripts/Collector.cs using Guid(538997c7669c5aa43879e7e8d4c1c25b) Importer(815301076,1909f56bfc062723c751e8b465ee728b)  -> (artifact id: 'c6ecba1c3c24e210eb056fecad02fcd1') in 0.010424 seconds 
========================================================================
Received Prepare
Registering precompiled user dll's ...
Registered in 0.005191 seconds.
Begin MonoManager ReloadAssembly
Native extension for WindowsStandalone target not found
Refreshing native plugins compatible for Editor in 0.54 ms, found 2 plugins.
Preloading 0 native plugins for Editor in 0.00 ms.
Mono: successfully reloaded assembly
- Completed reload, in  1.479 seconds
Domain Reload Profiling:
	ReloadAssembly (1479ms)
		BeginReloadAssembly (162ms)
			ExecutionOrderSort (0ms)
			DisableScriptedObjects (7ms)
			BackupInstance (0ms)
			ReleaseScriptingObjects (0ms)
			CreateAndSetChildDomain (44ms)
		EndReloadAssembly (1210ms)
			LoadAssemblies (145ms)
			RebuildTransferFunctionScriptingTraits (0ms)
			SetupTypeCache (391ms)
			ReleaseScriptCaches (1ms)
			RebuildScriptCaches (52ms)
			SetupLoadedEditorAssemblies (472ms)
				LogAssemblyErrors (0ms)
				InitializePlatformSupportModulesInManaged (6ms)
				SetLoadedEditorAssemblies (1ms)
				RefreshPlugins (1ms)
				BeforeProcessingInitializeOnLoad (105ms)
				ProcessInitializeOnLoadAttributes (334ms)
				ProcessInitializeOnLoadMethodAttributes (18ms)
				AfterProcessingInitializeOnLoad (7ms)
				EditorAssembliesLoaded (0ms)
			ExecutionOrderSort2 (0ms)
			AwakeInstancesAfterBackupRestoration (3ms)
Platform modules already initialized, skipping
Switching build target platform(19) subTarget(0) extendedPlatform(0) -> platform(13) subTarget(537395200) extendedPlatform(0)
Refreshing native plugins compatible for Editor in 0.55 ms, found 2 plugins.
Preloading 0 native plugins for Editor in 0.00 ms.
Unloading 1879 Unused Serialized files (Serialized files now loaded: 0)
System memory in use before: 174.5 MB.
System memory in use after: 174.7 MB.

Unloading 12 unused Assets to reduce memory usage. Loaded Objects now: 2415.
Total: 4.943800 ms (FindLiveObjects: 0.303500 ms CreateObjectMapping: 0.097200 ms MarkObjects: 4.507000 ms  DeleteObjects: 0.034200 ms)

AssetImportParameters requested are different than current active one (requested -> active):
  custom:framework-win-MediaFoundation: 216162199b28c13a410421893ffa2e32 -> 
  custom:video-decoder-ogg-theora: a1e56fd34408186e4bbccfd4996cb3dc -> 
  custom:container-muxer-webm: aa71ff27fc2769a1b78a27578f13a17b -> 
  custom:container-demuxer-webm: 4f35f7cbe854078d1ac9338744f61a02 -> 
  custom:container-demuxer-ogg: 62fdf1f143b41e24485cea50d1cbac27 -> 
  custom:video-encoder-webm-vp8: eb34c28f22e8b96e1ab97ce403110664 -> 
  custom:video-decoder-webm-vp8: 9c59270c3fd7afecdb556c50c9e8de78 -> 
  custom:graphics/normal-map-encoding: 01000000000000000000000000000000 -> 02000000000000000000000000000000
  custom:audio-decoder-ogg-vorbis: bf7c407c2cedff20999df2af8eb42d56 -> 
  custom:audio-encoder-webm-vorbis: bf7c407c2cedff20999df2af8eb42d56 -> 
========================================================================
Received Import Request.
  Time since last request: 152.605861 seconds.
  path: Assets/Scripts/Collector.cs
  artifactKey: Guid(538997c7669c5aa43879e7e8d4c1c25b) Importer(815301076,1909f56bfc062723c751e8b465ee728b)
Start importing Assets/Scripts/Collector.cs using Guid(538997c7669c5aa43879e7e8d4c1c25b) Importer(815301076,1909f56bfc062723c751e8b465ee728b)  -> (artifact id: 'd0f7a954bc42bfad0a90f0e964c806ca') in 0.006943 seconds 
========================================================================
Received Prepare
Registering precompiled user dll's ...
Registered in 0.005596 seconds.
Begin MonoManager ReloadAssembly
Native extension for WindowsStandalone target not found
Refreshing native plugins compatible for Editor in 0.53 ms, found 2 plugins.
Preloading 0 native plugins for Editor in 0.00 ms.
Mono: successfully reloaded assembly
- Completed reload, in  1.483 seconds
Domain Reload Profiling:
	ReloadAssembly (1484ms)
		BeginReloadAssembly (146ms)
			ExecutionOrderSort (0ms)
			DisableScriptedObjects (6ms)
			BackupInstance (0ms)
			ReleaseScriptingObjects (0ms)
			CreateAndSetChildDomain (41ms)
		EndReloadAssembly (1246ms)
			LoadAssemblies (122ms)
			RebuildTransferFunctionScriptingTraits (0ms)
			SetupTypeCache (430ms)
			ReleaseScriptCaches (1ms)
			RebuildScriptCaches (55ms)
			SetupLoadedEditorAssemblies (460ms)
				LogAssemblyErrors (0ms)
				InitializePlatformSupportModulesInManaged (4ms)
				SetLoadedEditorAssemblies (1ms)
				RefreshPlugins (1ms)
				BeforeProcessingInitializeOnLoad (103ms)
				ProcessInitializeOnLoadAttributes (325ms)
				ProcessInitializeOnLoadMethodAttributes (20ms)
				AfterProcessingInitializeOnLoad (6ms)
				EditorAssembliesLoaded (0ms)
			ExecutionOrderSort2 (0ms)
			AwakeInstancesAfterBackupRestoration (3ms)
Platform modules already initialized, skipping
Switching build target platform(19) subTarget(0) extendedPlatform(0) -> platform(13) subTarget(537395200) extendedPlatform(0)
Refreshing native plugins compatible for Editor in 0.82 ms, found 2 plugins.
Preloading 0 native plugins for Editor in 0.00 ms.
Unloading 1879 Unused Serialized files (Serialized files now loaded: 0)
System memory in use before: 174.6 MB.
System memory in use after: 174.7 MB.

Unloading 12 unused Assets to reduce memory usage. Loaded Objects now: 2418.
Total: 4.841600 ms (FindLiveObjects: 0.266600 ms CreateObjectMapping: 0.118200 ms MarkObjects: 4.423200 ms  DeleteObjects: 0.031900 ms)

AssetImportParameters requested are different than current active one (requested -> active):
  custom:framework-win-MediaFoundation: 216162199b28c13a410421893ffa2e32 -> 
  custom:video-decoder-ogg-theora: a1e56fd34408186e4bbccfd4996cb3dc -> 
  custom:container-muxer-webm: aa71ff27fc2769a1b78a27578f13a17b -> 
  custom:container-demuxer-webm: 4f35f7cbe854078d1ac9338744f61a02 -> 
  custom:container-demuxer-ogg: 62fdf1f143b41e24485cea50d1cbac27 -> 
  custom:video-encoder-webm-vp8: eb34c28f22e8b96e1ab97ce403110664 -> 
  custom:video-decoder-webm-vp8: 9c59270c3fd7afecdb556c50c9e8de78 -> 
  custom:graphics/normal-map-encoding: 01000000000000000000000000000000 -> 02000000000000000000000000000000
  custom:audio-decoder-ogg-vorbis: bf7c407c2cedff20999df2af8eb42d56 -> 
  custom:audio-encoder-webm-vorbis: bf7c407c2cedff20999df2af8eb42d56 -> 
========================================================================
Received Import Request.
  Time since last request: 132.410951 seconds.
  path: Assets/Scripts/StartGame.cs
  artifactKey: Guid(3ea4b425f38430240bc79c6469dc5f12) Importer(815301076,1909f56bfc062723c751e8b465ee728b)
Start importing Assets/Scripts/StartGame.cs using Guid(3ea4b425f38430240bc79c6469dc5f12) Importer(815301076,1909f56bfc062723c751e8b465ee728b)  -> (artifact id: '51e8ce39383e45b7e6923e582786c757') in 0.007532 seconds 
========================================================================
Received Prepare
Registering precompiled user dll's ...
Registered in 0.004246 seconds.
Begin MonoManager ReloadAssembly
Native extension for WindowsStandalone target not found
Refreshing native plugins compatible for Editor in 0.53 ms, found 2 plugins.
Preloading 0 native plugins for Editor in 0.00 ms.
Mono: successfully reloaded assembly
- Completed reload, in  1.726 seconds
Domain Reload Profiling:
	ReloadAssembly (1727ms)
		BeginReloadAssembly (158ms)
			ExecutionOrderSort (0ms)
			DisableScriptedObjects (6ms)
			BackupInstance (0ms)
			ReleaseScriptingObjects (0ms)
			CreateAndSetChildDomain (47ms)
		EndReloadAssembly (1455ms)
			LoadAssemblies (134ms)
			RebuildTransferFunctionScriptingTraits (0ms)
			SetupTypeCache (454ms)
			ReleaseScriptCaches (1ms)
			RebuildScriptCaches (56ms)
			SetupLoadedEditorAssemblies (638ms)
				LogAssemblyErrors (0ms)
				InitializePlatformSupportModulesInManaged (5ms)
				SetLoadedEditorAssemblies (1ms)
				RefreshPlugins (1ms)
				BeforeProcessingInitializeOnLoad (147ms)
				ProcessInitializeOnLoadAttributes (459ms)
				ProcessInitializeOnLoadMethodAttributes (19ms)
				AfterProcessingInitializeOnLoad (6ms)
				EditorAssembliesLoaded (1ms)
			ExecutionOrderSort2 (0ms)
			AwakeInstancesAfterBackupRestoration (3ms)
Platform modules already initialized, skipping
Switching build target platform(19) subTarget(0) extendedPlatform(0) -> platform(13) subTarget(537395200) extendedPlatform(0)
Refreshing native plugins compatible for Editor in 0.79 ms, found 2 plugins.
Preloading 0 native plugins for Editor in 0.00 ms.
Unloading 1879 Unused Serialized files (Serialized files now loaded: 0)
System memory in use before: 174.6 MB.
System memory in use after: 174.7 MB.

Unloading 12 unused Assets to reduce memory usage. Loaded Objects now: 2421.
Total: 6.954500 ms (FindLiveObjects: 0.277900 ms CreateObjectMapping: 0.116500 ms MarkObjects: 6.515400 ms  DeleteObjects: 0.042400 ms)

AssetImportParameters requested are different than current active one (requested -> active):
  custom:framework-win-MediaFoundation: 216162199b28c13a410421893ffa2e32 -> 
  custom:video-decoder-ogg-theora: a1e56fd34408186e4bbccfd4996cb3dc -> 
  custom:container-muxer-webm: aa71ff27fc2769a1b78a27578f13a17b -> 
  custom:container-demuxer-webm: 4f35f7cbe854078d1ac9338744f61a02 -> 
  custom:container-demuxer-ogg: 62fdf1f143b41e24485cea50d1cbac27 -> 
  custom:video-encoder-webm-vp8: eb34c28f22e8b96e1ab97ce403110664 -> 
  custom:video-decoder-webm-vp8: 9c59270c3fd7afecdb556c50c9e8de78 -> 
  custom:graphics/normal-map-encoding: 01000000000000000000000000000000 -> 02000000000000000000000000000000
  custom:audio-decoder-ogg-vorbis: bf7c407c2cedff20999df2af8eb42d56 -> 
  custom:audio-encoder-webm-vorbis: bf7c407c2cedff20999df2af8eb42d56 -> 
========================================================================
Received Prepare
Registering precompiled user dll's ...
Registered in 0.003861 seconds.
Begin MonoManager ReloadAssembly
Native extension for WindowsStandalone target not found
Refreshing native plugins compatible for Editor in 0.64 ms, found 2 plugins.
Preloading 0 native plugins for Editor in 0.00 ms.
Mono: successfully reloaded assembly
- Completed reload, in  1.545 seconds
Domain Reload Profiling:
	ReloadAssembly (1545ms)
		BeginReloadAssembly (156ms)
			ExecutionOrderSort (0ms)
			DisableScriptedObjects (5ms)
			BackupInstance (0ms)
			ReleaseScriptingObjects (0ms)
			CreateAndSetChildDomain (42ms)
		EndReloadAssembly (1290ms)
			LoadAssemblies (148ms)
			RebuildTransferFunctionScriptingTraits (0ms)
			SetupTypeCache (377ms)
			ReleaseScriptCaches (1ms)
			RebuildScriptCaches (53ms)
			SetupLoadedEditorAssemblies (500ms)
				LogAssemblyErrors (0ms)
				InitializePlatformSupportModulesInManaged (5ms)
				SetLoadedEditorAssemblies (1ms)
				RefreshPlugins (1ms)
				BeforeProcessingInitializeOnLoad (97ms)
				ProcessInitializeOnLoadAttributes (367ms)
				ProcessInitializeOnLoadMethodAttributes (24ms)
				AfterProcessingInitializeOnLoad (7ms)
				EditorAssembliesLoaded (0ms)
			ExecutionOrderSort2 (0ms)
			AwakeInstancesAfterBackupRestoration (3ms)
Platform modules already initialized, skipping
Switching build target platform(19) subTarget(0) extendedPlatform(0) -> platform(13) subTarget(537395200) extendedPlatform(0)
Refreshing native plugins compatible for Editor in 0.53 ms, found 2 plugins.
Preloading 0 native plugins for Editor in 0.00 ms.
Unloading 1879 Unused Serialized files (Serialized files now loaded: 0)
System memory in use before: 174.6 MB.
System memory in use after: 174.7 MB.

Unloading 12 unused Assets to reduce memory usage. Loaded Objects now: 2424.
Total: 4.379400 ms (FindLiveObjects: 0.202400 ms CreateObjectMapping: 0.060300 ms MarkObjects: 4.085000 ms  DeleteObjects: 0.030100 ms)

AssetImportParameters requested are different than current active one (requested -> active):
  custom:framework-win-MediaFoundation: 216162199b28c13a410421893ffa2e32 -> 
  custom:video-decoder-ogg-theora: a1e56fd34408186e4bbccfd4996cb3dc -> 
  custom:container-muxer-webm: aa71ff27fc2769a1b78a27578f13a17b -> 
  custom:container-demuxer-webm: 4f35f7cbe854078d1ac9338744f61a02 -> 
  custom:container-demuxer-ogg: 62fdf1f143b41e24485cea50d1cbac27 -> 
  custom:video-encoder-webm-vp8: eb34c28f22e8b96e1ab97ce403110664 -> 
  custom:video-decoder-webm-vp8: 9c59270c3fd7afecdb556c50c9e8de78 -> 
  custom:graphics/normal-map-encoding: 01000000000000000000000000000000 -> 02000000000000000000000000000000
  custom:audio-decoder-ogg-vorbis: bf7c407c2cedff20999df2af8eb42d56 -> 
  custom:audio-encoder-webm-vorbis: bf7c407c2cedff20999df2af8eb42d56 -> 
========================================================================
Received Prepare
Registering precompiled user dll's ...
Registered in 0.005039 seconds.
Begin MonoManager ReloadAssembly
Native extension for WindowsStandalone target not found
Refreshing native plugins compatible for Editor in 0.54 ms, found 2 plugins.
Preloading 0 native plugins for Editor in 0.00 ms.
Mono: successfully reloaded assembly
- Completed reload, in  1.550 seconds
Domain Reload Profiling:
	ReloadAssembly (1551ms)
		BeginReloadAssembly (179ms)
			ExecutionOrderSort (0ms)
			DisableScriptedObjects (6ms)
			BackupInstance (0ms)
			ReleaseScriptingObjects (0ms)
			CreateAndSetChildDomain (55ms)
		EndReloadAssembly (1268ms)
			LoadAssemblies (151ms)
			RebuildTransferFunctionScriptingTraits (0ms)
			SetupTypeCache (394ms)
			ReleaseScriptCaches (1ms)
			RebuildScriptCaches (52ms)
			SetupLoadedEditorAssemblies (501ms)
				LogAssemblyErrors (0ms)
				InitializePlatformSupportModulesInManaged (4ms)
				SetLoadedEditorAssemblies (1ms)
				RefreshPlugins (1ms)
				BeforeProcessingInitializeOnLoad (97ms)
				ProcessInitializeOnLoadAttributes (358ms)
				ProcessInitializeOnLoadMethodAttributes (30ms)
				AfterProcessingInitializeOnLoad (11ms)
				EditorAssembliesLoaded (0ms)
			ExecutionOrderSort2 (0ms)
			AwakeInstancesAfterBackupRestoration (3ms)
Platform modules already initialized, skipping
Switching build target platform(19) subTarget(0) extendedPlatform(0) -> platform(13) subTarget(537395200) extendedPlatform(0)
Refreshing native plugins compatible for Editor in 0.52 ms, found 2 plugins.
Preloading 0 native plugins for Editor in 0.00 ms.
Unloading 1879 Unused Serialized files (Serialized files now loaded: 0)
System memory in use before: 174.6 MB.
System memory in use after: 174.7 MB.

Unloading 12 unused Assets to reduce memory usage. Loaded Objects now: 2427.
Total: 4.468800 ms (FindLiveObjects: 0.236600 ms CreateObjectMapping: 0.111900 ms MarkObjects: 4.089800 ms  DeleteObjects: 0.028700 ms)

AssetImportParameters requested are different than current active one (requested -> active):
  custom:framework-win-MediaFoundation: 216162199b28c13a410421893ffa2e32 -> 
  custom:video-decoder-ogg-theora: a1e56fd34408186e4bbccfd4996cb3dc -> 
  custom:container-muxer-webm: aa71ff27fc2769a1b78a27578f13a17b -> 
  custom:container-demuxer-webm: 4f35f7cbe854078d1ac9338744f61a02 -> 
  custom:container-demuxer-ogg: 62fdf1f143b41e24485cea50d1cbac27 -> 
  custom:video-encoder-webm-vp8: eb34c28f22e8b96e1ab97ce403110664 -> 
  custom:video-decoder-webm-vp8: 9c59270c3fd7afecdb556c50c9e8de78 -> 
  custom:graphics/normal-map-encoding: 01000000000000000000000000000000 -> 02000000000000000000000000000000
  custom:audio-decoder-ogg-vorbis: bf7c407c2cedff20999df2af8eb42d56 -> 
  custom:audio-encoder-webm-vorbis: bf7c407c2cedff20999df2af8eb42d56 -> 
AssetImportWorkerClient::OnTransportError - code=2 error=End of file
